{"/Users/am/npm_packages/quantum-resistant-rustykey/build/kyber_crystals_wasm_engine.js": {"path":"/Users/am/npm_packages/quantum-resistant-rustykey/build/kyber_crystals_wasm_engine.js","all":true,"statementMap":{"0":{"start":{"line":1,"column":0},"end":{"line":1,"column":41}},"1":{"start":{"line":2,"column":0},"end":{"line":2,"column":2}},"2":{"start":{"line":3,"column":0},"end":{"line":3,"column":10}},"3":{"start":{"line":4,"column":0},"end":{"line":4,"column":32}},"4":{"start":{"line":5,"column":0},"end":{"line":5,"column":16}},"6":{"start":{"line":7,"column":0},"end":{"line":7,"column":49631}},"9":{"start":{"line":10,"column":0},"end":{"line":10,"column":19}},"10":{"start":{"line":11,"column":0},"end":{"line":11,"column":1}},"11":{"start":{"line":12,"column":0},"end":{"line":12,"column":2}},"12":{"start":{"line":13,"column":0},"end":{"line":13,"column":5}},"13":{"start":{"line":14,"column":0},"end":{"line":14,"column":42}}},"s":{"0":0,"1":0,"2":0,"3":0,"4":0,"6":0,"9":0,"10":0,"11":0,"12":0,"13":0},"branchMap":{"0":{"type":"branch","line":1,"loc":{"start":{"line":1,"column":49814},"end":{"line":14,"column":42}},"locations":[{"start":{"line":1,"column":49814},"end":{"line":14,"column":42}}]}},"b":{"0":[0]},"fnMap":{"0":{"name":"(empty-report)","decl":{"start":{"line":1,"column":49814},"end":{"line":14,"column":42}},"loc":{"start":{"line":1,"column":49814},"end":{"line":14,"column":42}},"line":1}},"f":{"0":0}}
,"/Users/am/npm_packages/quantum-resistant-rustykey/build/CMakeFiles/4.0.1/CompilerIdC/a.out.js": {"path":"/Users/am/npm_packages/quantum-resistant-rustykey/build/CMakeFiles/4.0.1/CompilerIdC/a.out.js","all":true,"statementMap":{"0":{"start":{"line":1,"column":0},"end":{"line":1,"column":20}},"1":{"start":{"line":2,"column":0},"end":{"line":2,"column":67}},"2":{"start":{"line":3,"column":0},"end":{"line":3,"column":70}},"3":{"start":{"line":4,"column":0},"end":{"line":4,"column":36}},"4":{"start":{"line":5,"column":0},"end":{"line":5,"column":66}},"5":{"start":{"line":6,"column":0},"end":{"line":6,"column":62}},"6":{"start":{"line":7,"column":0},"end":{"line":7,"column":45}},"7":{"start":{"line":8,"column":0},"end":{"line":8,"column":65}},"8":{"start":{"line":9,"column":0},"end":{"line":9,"column":78}},"9":{"start":{"line":10,"column":0},"end":{"line":10,"column":69}},"10":{"start":{"line":11,"column":0},"end":{"line":11,"column":63}},"11":{"start":{"line":12,"column":0},"end":{"line":12,"column":71}},"12":{"start":{"line":13,"column":0},"end":{"line":13,"column":70}},"13":{"start":{"line":14,"column":0},"end":{"line":14,"column":49}},"14":{"start":{"line":15,"column":0},"end":{"line":15,"column":56}},"16":{"start":{"line":17,"column":0},"end":{"line":17,"column":73}},"17":{"start":{"line":18,"column":0},"end":{"line":18,"column":69}},"19":{"start":{"line":20,"column":0},"end":{"line":20,"column":41}},"20":{"start":{"line":21,"column":0},"end":{"line":21,"column":51}},"21":{"start":{"line":22,"column":0},"end":{"line":22,"column":68}},"22":{"start":{"line":23,"column":0},"end":{"line":23,"column":73}},"23":{"start":{"line":24,"column":0},"end":{"line":24,"column":26}},"24":{"start":{"line":25,"column":0},"end":{"line":25,"column":166}},"25":{"start":{"line":26,"column":0},"end":{"line":26,"column":97}},"27":{"start":{"line":28,"column":0},"end":{"line":28,"column":26}},"29":{"start":{"line":30,"column":0},"end":{"line":30,"column":1}},"31":{"start":{"line":32,"column":0},"end":{"line":32,"column":77}},"32":{"start":{"line":33,"column":0},"end":{"line":33,"column":64}},"35":{"start":{"line":36,"column":0},"end":{"line":36,"column":20}},"36":{"start":{"line":37,"column":0},"end":{"line":37,"column":35}},"37":{"start":{"line":38,"column":0},"end":{"line":38,"column":34}},"38":{"start":{"line":39,"column":0},"end":{"line":39,"column":16}},"39":{"start":{"line":40,"column":0},"end":{"line":40,"column":2}},"41":{"start":{"line":42,"column":0},"end":{"line":42,"column":152}},"42":{"start":{"line":43,"column":0},"end":{"line":43,"column":66}},"43":{"start":{"line":44,"column":0},"end":{"line":44,"column":91}},"45":{"start":{"line":46,"column":0},"end":{"line":46,"column":47}},"46":{"start":{"line":47,"column":0},"end":{"line":47,"column":27}},"47":{"start":{"line":48,"column":0},"end":{"line":48,"column":6}},"48":{"start":{"line":49,"column":0},"end":{"line":49,"column":28}},"49":{"start":{"line":50,"column":0},"end":{"line":50,"column":35}},"50":{"start":{"line":51,"column":0},"end":{"line":51,"column":1}},"52":{"start":{"line":53,"column":0},"end":{"line":53,"column":69}},"53":{"start":{"line":54,"column":0},"end":{"line":54,"column":25}},"54":{"start":{"line":55,"column":0},"end":{"line":55,"column":27}},"55":{"start":{"line":56,"column":0},"end":{"line":56,"column":29}},"56":{"start":{"line":57,"column":0},"end":{"line":57,"column":55}},"57":{"start":{"line":58,"column":0},"end":{"line":58,"column":3}},"58":{"start":{"line":59,"column":0},"end":{"line":59,"column":32}},"59":{"start":{"line":60,"column":0},"end":{"line":60,"column":1}},"61":{"start":{"line":62,"column":0},"end":{"line":62,"column":76}},"62":{"start":{"line":63,"column":0},"end":{"line":63,"column":26}},"64":{"start":{"line":65,"column":0},"end":{"line":65,"column":26}},"65":{"start":{"line":66,"column":0},"end":{"line":66,"column":294}},"67":{"start":{"line":68,"column":0},"end":{"line":68,"column":42}},"68":{"start":{"line":69,"column":0},"end":{"line":69,"column":58}},"69":{"start":{"line":70,"column":0},"end":{"line":70,"column":115}},"70":{"start":{"line":71,"column":0},"end":{"line":71,"column":26}},"71":{"start":{"line":72,"column":0},"end":{"line":72,"column":32}},"72":{"start":{"line":73,"column":0},"end":{"line":73,"column":108}},"73":{"start":{"line":74,"column":0},"end":{"line":74,"column":3}},"75":{"start":{"line":76,"column":0},"end":{"line":76,"column":78}},"76":{"start":{"line":77,"column":0},"end":{"line":77,"column":36}},"77":{"start":{"line":78,"column":0},"end":{"line":78,"column":25}},"78":{"start":{"line":79,"column":0},"end":{"line":79,"column":33}},"80":{"start":{"line":81,"column":0},"end":{"line":81,"column":36}},"82":{"start":{"line":83,"column":0},"end":{"line":83,"column":30}},"83":{"start":{"line":84,"column":0},"end":{"line":84,"column":28}},"84":{"start":{"line":85,"column":0},"end":{"line":85,"column":50}},"85":{"start":{"line":86,"column":0},"end":{"line":86,"column":64}},"86":{"start":{"line":87,"column":0},"end":{"line":87,"column":38}},"87":{"start":{"line":88,"column":0},"end":{"line":88,"column":31}},"88":{"start":{"line":89,"column":0},"end":{"line":89,"column":13}},"89":{"start":{"line":90,"column":0},"end":{"line":90,"column":2}},"91":{"start":{"line":92,"column":0},"end":{"line":92,"column":48}},"92":{"start":{"line":93,"column":0},"end":{"line":93,"column":50}},"93":{"start":{"line":94,"column":0},"end":{"line":94,"column":64}},"94":{"start":{"line":95,"column":0},"end":{"line":95,"column":67}},"95":{"start":{"line":96,"column":0},"end":{"line":96,"column":65}},"96":{"start":{"line":97,"column":0},"end":{"line":97,"column":13}},"97":{"start":{"line":98,"column":0},"end":{"line":98,"column":2}},"98":{"start":{"line":99,"column":0},"end":{"line":99,"column":34}},"99":{"start":{"line":100,"column":0},"end":{"line":100,"column":32}},"100":{"start":{"line":101,"column":0},"end":{"line":101,"column":54}},"101":{"start":{"line":102,"column":0},"end":{"line":102,"column":3}},"103":{"start":{"line":104,"column":0},"end":{"line":104,"column":37}},"105":{"start":{"line":106,"column":0},"end":{"line":106,"column":96}},"106":{"start":{"line":107,"column":0},"end":{"line":107,"column":37}},"107":{"start":{"line":108,"column":0},"end":{"line":108,"column":31}},"108":{"start":{"line":109,"column":0},"end":{"line":109,"column":3}},"110":{"start":{"line":111,"column":0},"end":{"line":111,"column":32}},"111":{"start":{"line":112,"column":0},"end":{"line":112,"column":30}},"112":{"start":{"line":113,"column":0},"end":{"line":113,"column":18}},"113":{"start":{"line":114,"column":0},"end":{"line":114,"column":4}},"115":{"start":{"line":116,"column":0},"end":{"line":116,"column":6}},"116":{"start":{"line":117,"column":0},"end":{"line":117,"column":27}},"118":{"start":{"line":119,"column":0},"end":{"line":119,"column":343}},"120":{"start":{"line":121,"column":0},"end":{"line":121,"column":6}},"122":{"start":{"line":123,"column":0},"end":{"line":123,"column":79}},"123":{"start":{"line":124,"column":0},"end":{"line":124,"column":77}},"124":{"start":{"line":125,"column":0},"end":{"line":125,"column":23}},"125":{"start":{"line":126,"column":0},"end":{"line":126,"column":50}},"126":{"start":{"line":127,"column":0},"end":{"line":127,"column":7}},"127":{"start":{"line":128,"column":0},"end":{"line":128,"column":80}},"128":{"start":{"line":129,"column":0},"end":{"line":129,"column":11}},"129":{"start":{"line":130,"column":0},"end":{"line":130,"column":88}},"130":{"start":{"line":131,"column":0},"end":{"line":131,"column":32}},"131":{"start":{"line":132,"column":0},"end":{"line":132,"column":3}},"133":{"start":{"line":134,"column":0},"end":{"line":134,"column":281}},"135":{"start":{"line":136,"column":0},"end":{"line":136,"column":3}},"136":{"start":{"line":137,"column":0},"end":{"line":137,"column":39}},"137":{"start":{"line":138,"column":0},"end":{"line":138,"column":28}},"138":{"start":{"line":139,"column":0},"end":{"line":139,"column":27}},"139":{"start":{"line":140,"column":0},"end":{"line":140,"column":37}},"140":{"start":{"line":141,"column":0},"end":{"line":141,"column":34}},"141":{"start":{"line":142,"column":0},"end":{"line":142,"column":39}},"142":{"start":{"line":143,"column":0},"end":{"line":143,"column":21}},"143":{"start":{"line":144,"column":0},"end":{"line":144,"column":70}},"144":{"start":{"line":145,"column":0},"end":{"line":145,"column":6}},"145":{"start":{"line":146,"column":0},"end":{"line":146,"column":3}},"147":{"start":{"line":148,"column":0},"end":{"line":148,"column":30}},"148":{"start":{"line":149,"column":0},"end":{"line":149,"column":95}},"149":{"start":{"line":150,"column":0},"end":{"line":150,"column":73}},"150":{"start":{"line":151,"column":0},"end":{"line":151,"column":72}},"151":{"start":{"line":152,"column":0},"end":{"line":152,"column":50}},"152":{"start":{"line":153,"column":0},"end":{"line":153,"column":25}},"153":{"start":{"line":154,"column":0},"end":{"line":154,"column":47}},"154":{"start":{"line":155,"column":0},"end":{"line":155,"column":39}},"155":{"start":{"line":156,"column":0},"end":{"line":156,"column":35}},"156":{"start":{"line":157,"column":0},"end":{"line":157,"column":41}},"157":{"start":{"line":158,"column":0},"end":{"line":158,"column":28}},"158":{"start":{"line":159,"column":0},"end":{"line":159,"column":97}},"159":{"start":{"line":160,"column":0},"end":{"line":160,"column":34}},"160":{"start":{"line":161,"column":0},"end":{"line":161,"column":19}},"161":{"start":{"line":162,"column":0},"end":{"line":162,"column":11}},"162":{"start":{"line":163,"column":0},"end":{"line":163,"column":29}},"163":{"start":{"line":164,"column":0},"end":{"line":164,"column":10}},"164":{"start":{"line":165,"column":0},"end":{"line":165,"column":29}},"165":{"start":{"line":166,"column":0},"end":{"line":166,"column":23}},"166":{"start":{"line":167,"column":0},"end":{"line":167,"column":9}},"167":{"start":{"line":168,"column":0},"end":{"line":168,"column":5}},"168":{"start":{"line":169,"column":0},"end":{"line":169,"column":68}},"169":{"start":{"line":170,"column":0},"end":{"line":170,"column":22}},"170":{"start":{"line":171,"column":0},"end":{"line":171,"column":36}},"171":{"start":{"line":172,"column":0},"end":{"line":172,"column":5}},"172":{"start":{"line":173,"column":0},"end":{"line":173,"column":60}},"173":{"start":{"line":174,"column":0},"end":{"line":174,"column":4}},"174":{"start":{"line":175,"column":0},"end":{"line":175,"column":43}},"175":{"start":{"line":176,"column":0},"end":{"line":176,"column":3}},"176":{"start":{"line":177,"column":0},"end":{"line":177,"column":6}},"177":{"start":{"line":178,"column":0},"end":{"line":178,"column":1}},"178":{"start":{"line":179,"column":0},"end":{"line":179,"column":49}},"179":{"start":{"line":180,"column":0},"end":{"line":180,"column":1}},"181":{"start":{"line":182,"column":0},"end":{"line":182,"column":36}},"182":{"start":{"line":183,"column":0},"end":{"line":183,"column":38}},"184":{"start":{"line":185,"column":0},"end":{"line":185,"column":76}},"185":{"start":{"line":186,"column":0},"end":{"line":186,"column":82}},"186":{"start":{"line":187,"column":0},"end":{"line":187,"column":85}},"187":{"start":{"line":188,"column":0},"end":{"line":188,"column":82}},"188":{"start":{"line":189,"column":0},"end":{"line":189,"column":82}},"189":{"start":{"line":190,"column":0},"end":{"line":190,"column":85}},"190":{"start":{"line":191,"column":0},"end":{"line":191,"column":73}},"192":{"start":{"line":193,"column":0},"end":{"line":193,"column":79}},"194":{"start":{"line":195,"column":0},"end":{"line":195,"column":79}},"195":{"start":{"line":196,"column":0},"end":{"line":196,"column":52}},"197":{"start":{"line":198,"column":0},"end":{"line":198,"column":134}},"199":{"start":{"line":200,"column":0},"end":{"line":200,"column":24}},"201":{"start":{"line":202,"column":0},"end":{"line":202,"column":23}},"202":{"start":{"line":203,"column":0},"end":{"line":203,"column":33}},"204":{"start":{"line":205,"column":0},"end":{"line":205,"column":77}},"205":{"start":{"line":206,"column":0},"end":{"line":206,"column":52}},"206":{"start":{"line":207,"column":0},"end":{"line":207,"column":65}},"207":{"start":{"line":208,"column":0},"end":{"line":208,"column":56}},"208":{"start":{"line":209,"column":0},"end":{"line":209,"column":68}},"209":{"start":{"line":210,"column":0},"end":{"line":210,"column":77}},"210":{"start":{"line":211,"column":0},"end":{"line":211,"column":91}},"212":{"start":{"line":213,"column":0},"end":{"line":213,"column":15}},"214":{"start":{"line":215,"column":0},"end":{"line":215,"column":37}},"215":{"start":{"line":216,"column":0},"end":{"line":216,"column":41}},"216":{"start":{"line":217,"column":0},"end":{"line":217,"column":1}},"218":{"start":{"line":219,"column":0},"end":{"line":219,"column":15}},"220":{"start":{"line":221,"column":0},"end":{"line":221,"column":15}},"222":{"start":{"line":223,"column":0},"end":{"line":223,"column":42}},"223":{"start":{"line":224,"column":0},"end":{"line":224,"column":21}},"224":{"start":{"line":225,"column":0},"end":{"line":225,"column":42}},"226":{"start":{"line":227,"column":0},"end":{"line":227,"column":74}},"227":{"start":{"line":228,"column":0},"end":{"line":228,"column":28}},"228":{"start":{"line":229,"column":0},"end":{"line":229,"column":18}},"230":{"start":{"line":231,"column":0},"end":{"line":231,"column":58}},"231":{"start":{"line":232,"column":0},"end":{"line":232,"column":80}},"232":{"start":{"line":233,"column":0},"end":{"line":233,"column":40}},"233":{"start":{"line":234,"column":0},"end":{"line":234,"column":15}},"235":{"start":{"line":236,"column":0},"end":{"line":236,"column":75}},"236":{"start":{"line":237,"column":0},"end":{"line":237,"column":74}},"237":{"start":{"line":238,"column":0},"end":{"line":238,"column":19}},"238":{"start":{"line":239,"column":0},"end":{"line":239,"column":64}},"239":{"start":{"line":240,"column":0},"end":{"line":240,"column":35}},"240":{"start":{"line":241,"column":0},"end":{"line":241,"column":34}},"241":{"start":{"line":242,"column":0},"end":{"line":242,"column":19}},"242":{"start":{"line":243,"column":0},"end":{"line":243,"column":58}},"243":{"start":{"line":244,"column":0},"end":{"line":244,"column":3}},"244":{"start":{"line":245,"column":0},"end":{"line":245,"column":1}},"246":{"start":{"line":247,"column":0},"end":{"line":247,"column":81}},"247":{"start":{"line":248,"column":0},"end":{"line":248,"column":26}},"248":{"start":{"line":249,"column":0},"end":{"line":249,"column":20}},"249":{"start":{"line":250,"column":0},"end":{"line":250,"column":95}},"250":{"start":{"line":251,"column":0},"end":{"line":251,"column":1}},"251":{"start":{"line":252,"column":0},"end":{"line":252,"column":18}},"252":{"start":{"line":253,"column":0},"end":{"line":253,"column":79}},"253":{"start":{"line":254,"column":0},"end":{"line":254,"column":91}},"254":{"start":{"line":255,"column":0},"end":{"line":255,"column":1}},"256":{"start":{"line":257,"column":0},"end":{"line":257,"column":20}},"258":{"start":{"line":259,"column":0},"end":{"line":259,"column":9}},"259":{"start":{"line":260,"column":0},"end":{"line":260,"column":25}},"260":{"start":{"line":261,"column":0},"end":{"line":261,"column":8}},"261":{"start":{"line":262,"column":0},"end":{"line":262,"column":26}},"262":{"start":{"line":263,"column":0},"end":{"line":263,"column":9}},"263":{"start":{"line":264,"column":0},"end":{"line":264,"column":26}},"264":{"start":{"line":265,"column":0},"end":{"line":265,"column":9}},"265":{"start":{"line":266,"column":0},"end":{"line":266,"column":27}},"266":{"start":{"line":267,"column":0},"end":{"line":267,"column":10}},"267":{"start":{"line":268,"column":0},"end":{"line":268,"column":26}},"268":{"start":{"line":269,"column":0},"end":{"line":269,"column":9}},"269":{"start":{"line":270,"column":0},"end":{"line":270,"column":27}},"270":{"start":{"line":271,"column":0},"end":{"line":271,"column":10}},"271":{"start":{"line":272,"column":0},"end":{"line":272,"column":28}},"272":{"start":{"line":273,"column":0},"end":{"line":273,"column":10}},"273":{"start":{"line":274,"column":0},"end":{"line":274,"column":57}},"274":{"start":{"line":275,"column":0},"end":{"line":275,"column":33}},"275":{"start":{"line":276,"column":0},"end":{"line":276,"column":9}},"276":{"start":{"line":277,"column":0},"end":{"line":277,"column":58}},"277":{"start":{"line":278,"column":0},"end":{"line":278,"column":35}},"278":{"start":{"line":279,"column":0},"end":{"line":279,"column":10}},"279":{"start":{"line":280,"column":0},"end":{"line":280,"column":28}},"280":{"start":{"line":281,"column":0},"end":{"line":281,"column":10}},"282":{"start":{"line":283,"column":0},"end":{"line":283,"column":31}},"284":{"start":{"line":285,"column":0},"end":{"line":285,"column":3}},"285":{"start":{"line":286,"column":0},"end":{"line":286,"column":87}},"286":{"start":{"line":287,"column":0},"end":{"line":287,"column":12}},"287":{"start":{"line":288,"column":0},"end":{"line":288,"column":3}},"288":{"start":{"line":289,"column":0},"end":{"line":289,"column":61}},"290":{"start":{"line":291,"column":0},"end":{"line":291,"column":29}},"291":{"start":{"line":292,"column":0},"end":{"line":292,"column":34}},"292":{"start":{"line":293,"column":0},"end":{"line":293,"column":114}},"293":{"start":{"line":294,"column":0},"end":{"line":294,"column":29}},"294":{"start":{"line":295,"column":0},"end":{"line":295,"column":40}},"295":{"start":{"line":296,"column":0},"end":{"line":296,"column":25}},"296":{"start":{"line":297,"column":0},"end":{"line":297,"column":76}},"297":{"start":{"line":298,"column":0},"end":{"line":298,"column":74}},"298":{"start":{"line":299,"column":0},"end":{"line":299,"column":36}},"299":{"start":{"line":300,"column":0},"end":{"line":300,"column":17}},"300":{"start":{"line":301,"column":0},"end":{"line":301,"column":13}},"301":{"start":{"line":302,"column":0},"end":{"line":302,"column":3}},"302":{"start":{"line":303,"column":0},"end":{"line":303,"column":64}},"303":{"start":{"line":304,"column":0},"end":{"line":304,"column":80}},"304":{"start":{"line":305,"column":0},"end":{"line":305,"column":22}},"305":{"start":{"line":306,"column":0},"end":{"line":306,"column":35}},"306":{"start":{"line":307,"column":0},"end":{"line":307,"column":41}},"307":{"start":{"line":308,"column":0},"end":{"line":308,"column":50}},"308":{"start":{"line":309,"column":0},"end":{"line":309,"column":33}},"309":{"start":{"line":310,"column":0},"end":{"line":310,"column":1}},"311":{"start":{"line":312,"column":0},"end":{"line":312,"column":29}},"312":{"start":{"line":313,"column":0},"end":{"line":313,"column":20}},"313":{"start":{"line":314,"column":0},"end":{"line":314,"column":40}},"314":{"start":{"line":315,"column":0},"end":{"line":315,"column":28}},"315":{"start":{"line":316,"column":0},"end":{"line":316,"column":17}},"316":{"start":{"line":317,"column":0},"end":{"line":317,"column":13}},"317":{"start":{"line":318,"column":0},"end":{"line":318,"column":3}},"318":{"start":{"line":319,"column":0},"end":{"line":319,"column":36}},"319":{"start":{"line":320,"column":0},"end":{"line":320,"column":42}},"320":{"start":{"line":321,"column":0},"end":{"line":321,"column":55}},"321":{"start":{"line":322,"column":0},"end":{"line":322,"column":194}},"322":{"start":{"line":323,"column":0},"end":{"line":323,"column":3}},"323":{"start":{"line":324,"column":0},"end":{"line":324,"column":50}},"324":{"start":{"line":325,"column":0},"end":{"line":325,"column":53}},"325":{"start":{"line":326,"column":0},"end":{"line":326,"column":95}},"326":{"start":{"line":327,"column":0},"end":{"line":327,"column":3}},"327":{"start":{"line":328,"column":0},"end":{"line":328,"column":1}},"328":{"start":{"line":329,"column":0},"end":{"line":329,"column":38}},"329":{"start":{"line":330,"column":0},"end":{"line":330,"column":33}},"330":{"start":{"line":331,"column":0},"end":{"line":331,"column":37}},"331":{"start":{"line":332,"column":0},"end":{"line":332,"column":28}},"332":{"start":{"line":333,"column":0},"end":{"line":333,"column":92}},"334":{"start":{"line":335,"column":0},"end":{"line":335,"column":57}},"335":{"start":{"line":336,"column":0},"end":{"line":336,"column":23}},"336":{"start":{"line":337,"column":0},"end":{"line":337,"column":66}},"337":{"start":{"line":338,"column":0},"end":{"line":338,"column":78}},"338":{"start":{"line":339,"column":0},"end":{"line":339,"column":36}},"339":{"start":{"line":340,"column":0},"end":{"line":340,"column":24}},"340":{"start":{"line":341,"column":0},"end":{"line":341,"column":1}},"342":{"start":{"line":343,"column":0},"end":{"line":343,"column":19}},"343":{"start":{"line":344,"column":0},"end":{"line":344,"column":8}},"344":{"start":{"line":345,"column":0},"end":{"line":345,"column":30}},"345":{"start":{"line":346,"column":0},"end":{"line":346,"column":37}},"346":{"start":{"line":347,"column":0},"end":{"line":347,"column":18}},"347":{"start":{"line":348,"column":0},"end":{"line":348,"column":146}},"348":{"start":{"line":349,"column":0},"end":{"line":349,"column":5}},"350":{"start":{"line":351,"column":0},"end":{"line":351,"column":35}},"351":{"start":{"line":352,"column":0},"end":{"line":352,"column":55}},"352":{"start":{"line":353,"column":0},"end":{"line":353,"column":41}},"353":{"start":{"line":354,"column":0},"end":{"line":354,"column":25}},"354":{"start":{"line":355,"column":0},"end":{"line":355,"column":13}},"355":{"start":{"line":356,"column":0},"end":{"line":356,"column":180}},"357":{"start":{"line":358,"column":0},"end":{"line":358,"column":7}},"358":{"start":{"line":359,"column":0},"end":{"line":359,"column":7}},"359":{"start":{"line":360,"column":0},"end":{"line":360,"column":3}},"360":{"start":{"line":361,"column":0},"end":{"line":361,"column":1}},"362":{"start":{"line":363,"column":0},"end":{"line":363,"column":34}},"363":{"start":{"line":364,"column":0},"end":{"line":364,"column":54}},"364":{"start":{"line":365,"column":0},"end":{"line":365,"column":100}},"365":{"start":{"line":366,"column":0},"end":{"line":366,"column":3}},"366":{"start":{"line":367,"column":0},"end":{"line":367,"column":1}},"368":{"start":{"line":369,"column":0},"end":{"line":369,"column":57}},"369":{"start":{"line":370,"column":0},"end":{"line":370,"column":44}},"370":{"start":{"line":371,"column":0},"end":{"line":371,"column":36}},"371":{"start":{"line":372,"column":0},"end":{"line":372,"column":40}},"372":{"start":{"line":373,"column":0},"end":{"line":373,"column":45}},"373":{"start":{"line":374,"column":0},"end":{"line":374,"column":32}},"374":{"start":{"line":375,"column":0},"end":{"line":375,"column":39}},"375":{"start":{"line":376,"column":0},"end":{"line":376,"column":64}},"376":{"start":{"line":377,"column":0},"end":{"line":377,"column":40}},"377":{"start":{"line":378,"column":0},"end":{"line":378,"column":38}},"378":{"start":{"line":379,"column":0},"end":{"line":379,"column":40}},"379":{"start":{"line":380,"column":0},"end":{"line":380,"column":1}},"381":{"start":{"line":382,"column":0},"end":{"line":382,"column":3}},"382":{"start":{"line":383,"column":0},"end":{"line":383,"column":76}},"383":{"start":{"line":384,"column":0},"end":{"line":384,"column":76}},"384":{"start":{"line":385,"column":0},"end":{"line":385,"column":51}},"385":{"start":{"line":386,"column":0},"end":{"line":386,"column":3}},"386":{"start":{"line":387,"column":0},"end":{"line":387,"column":44}},"387":{"start":{"line":388,"column":0},"end":{"line":388,"column":94}},"388":{"start":{"line":389,"column":0},"end":{"line":389,"column":44}},"389":{"start":{"line":390,"column":0},"end":{"line":390,"column":25}},"390":{"start":{"line":391,"column":0},"end":{"line":391,"column":13}},"391":{"start":{"line":392,"column":0},"end":{"line":392,"column":15}},"392":{"start":{"line":393,"column":0},"end":{"line":393,"column":25}},"393":{"start":{"line":394,"column":0},"end":{"line":394,"column":7}},"394":{"start":{"line":395,"column":0},"end":{"line":395,"column":7}},"395":{"start":{"line":396,"column":0},"end":{"line":396,"column":3}},"396":{"start":{"line":397,"column":0},"end":{"line":397,"column":1}},"398":{"start":{"line":399,"column":0},"end":{"line":399,"column":34}},"399":{"start":{"line":400,"column":0},"end":{"line":400,"column":37}},"400":{"start":{"line":401,"column":0},"end":{"line":401,"column":71}},"401":{"start":{"line":402,"column":0},"end":{"line":402,"column":5}},"402":{"start":{"line":403,"column":0},"end":{"line":403,"column":1}},"404":{"start":{"line":405,"column":0},"end":{"line":405,"column":72}},"405":{"start":{"line":406,"column":0},"end":{"line":406,"column":55}},"407":{"start":{"line":408,"column":0},"end":{"line":408,"column":36}},"408":{"start":{"line":409,"column":0},"end":{"line":409,"column":37}},"409":{"start":{"line":410,"column":0},"end":{"line":410,"column":73}},"410":{"start":{"line":411,"column":0},"end":{"line":411,"column":55}},"411":{"start":{"line":412,"column":0},"end":{"line":412,"column":168}},"412":{"start":{"line":413,"column":0},"end":{"line":413,"column":74}},"413":{"start":{"line":414,"column":0},"end":{"line":414,"column":74}},"414":{"start":{"line":415,"column":0},"end":{"line":415,"column":32}},"415":{"start":{"line":416,"column":0},"end":{"line":416,"column":28}},"416":{"start":{"line":417,"column":0},"end":{"line":417,"column":41}},"417":{"start":{"line":418,"column":0},"end":{"line":418,"column":32}},"418":{"start":{"line":419,"column":0},"end":{"line":419,"column":5}},"419":{"start":{"line":420,"column":0},"end":{"line":420,"column":75}},"420":{"start":{"line":421,"column":0},"end":{"line":421,"column":43}},"421":{"start":{"line":422,"column":0},"end":{"line":422,"column":104}},"422":{"start":{"line":423,"column":0},"end":{"line":423,"column":5}},"423":{"start":{"line":424,"column":0},"end":{"line":424,"column":18}},"424":{"start":{"line":425,"column":0},"end":{"line":425,"column":5}},"426":{"start":{"line":427,"column":0},"end":{"line":427,"column":80}},"427":{"start":{"line":428,"column":0},"end":{"line":428,"column":39}},"428":{"start":{"line":429,"column":0},"end":{"line":429,"column":31}},"429":{"start":{"line":430,"column":0},"end":{"line":430,"column":1}},"431":{"start":{"line":432,"column":0},"end":{"line":432,"column":39}},"432":{"start":{"line":433,"column":0},"end":{"line":433,"column":54}},"433":{"start":{"line":434,"column":0},"end":{"line":434,"column":40}},"434":{"start":{"line":435,"column":0},"end":{"line":435,"column":25}},"435":{"start":{"line":436,"column":0},"end":{"line":436,"column":13}},"436":{"start":{"line":437,"column":0},"end":{"line":437,"column":107}},"437":{"start":{"line":438,"column":0},"end":{"line":438,"column":47}},"438":{"start":{"line":439,"column":0},"end":{"line":439,"column":108}},"439":{"start":{"line":440,"column":0},"end":{"line":440,"column":9}},"440":{"start":{"line":441,"column":0},"end":{"line":441,"column":19}},"441":{"start":{"line":442,"column":0},"end":{"line":442,"column":7}},"442":{"start":{"line":443,"column":0},"end":{"line":443,"column":7}},"443":{"start":{"line":444,"column":0},"end":{"line":444,"column":3}},"444":{"start":{"line":445,"column":0},"end":{"line":445,"column":1}},"446":{"start":{"line":447,"column":0},"end":{"line":447,"column":32}},"447":{"start":{"line":448,"column":0},"end":{"line":448,"column":29}},"448":{"start":{"line":449,"column":0},"end":{"line":449,"column":33}},"451":{"start":{"line":452,"column":0},"end":{"line":452,"column":30}},"452":{"start":{"line":453,"column":0},"end":{"line":453,"column":28}},"453":{"start":{"line":454,"column":0},"end":{"line":454,"column":27}},"454":{"start":{"line":455,"column":0},"end":{"line":455,"column":29}},"455":{"start":{"line":456,"column":0},"end":{"line":456,"column":29}},"456":{"start":{"line":457,"column":0},"end":{"line":457,"column":31}},"457":{"start":{"line":458,"column":0},"end":{"line":458,"column":29}},"458":{"start":{"line":459,"column":0},"end":{"line":459,"column":31}},"459":{"start":{"line":460,"column":0},"end":{"line":460,"column":32}},"460":{"start":{"line":461,"column":0},"end":{"line":461,"column":32}},"461":{"start":{"line":462,"column":0},"end":{"line":462,"column":32}},"462":{"start":{"line":463,"column":0},"end":{"line":463,"column":34}},"463":{"start":{"line":464,"column":0},"end":{"line":464,"column":1}},"465":{"start":{"line":466,"column":0},"end":{"line":466,"column":33}},"466":{"start":{"line":467,"column":0},"end":{"line":467,"column":166}},"467":{"start":{"line":468,"column":0},"end":{"line":468,"column":62}},"469":{"start":{"line":470,"column":0},"end":{"line":470,"column":19}},"470":{"start":{"line":471,"column":0},"end":{"line":471,"column":25}},"471":{"start":{"line":472,"column":0},"end":{"line":472,"column":85}},"472":{"start":{"line":473,"column":0},"end":{"line":473,"column":37}},"473":{"start":{"line":474,"column":0},"end":{"line":474,"column":44}},"474":{"start":{"line":475,"column":0},"end":{"line":475,"column":5}},"475":{"start":{"line":476,"column":0},"end":{"line":476,"column":3}},"476":{"start":{"line":477,"column":0},"end":{"line":477,"column":31}},"477":{"start":{"line":478,"column":0},"end":{"line":478,"column":26}},"478":{"start":{"line":479,"column":0},"end":{"line":479,"column":34}},"479":{"start":{"line":480,"column":0},"end":{"line":480,"column":24}},"480":{"start":{"line":481,"column":0},"end":{"line":481,"column":1}},"482":{"start":{"line":483,"column":0},"end":{"line":483,"column":24}},"483":{"start":{"line":484,"column":0},"end":{"line":484,"column":30}},"484":{"start":{"line":485,"column":0},"end":{"line":485,"column":28}},"486":{"start":{"line":487,"column":0},"end":{"line":487,"column":21}},"488":{"start":{"line":489,"column":0},"end":{"line":489,"column":21}},"490":{"start":{"line":491,"column":0},"end":{"line":491,"column":37}},"492":{"start":{"line":493,"column":0},"end":{"line":493,"column":25}},"493":{"start":{"line":494,"column":0},"end":{"line":494,"column":1}},"495":{"start":{"line":496,"column":0},"end":{"line":496,"column":20}},"496":{"start":{"line":497,"column":0},"end":{"line":497,"column":21}},"497":{"start":{"line":498,"column":0},"end":{"line":498,"column":21}},"498":{"start":{"line":499,"column":0},"end":{"line":499,"column":1}},"500":{"start":{"line":501,"column":0},"end":{"line":501,"column":20}},"501":{"start":{"line":502,"column":0},"end":{"line":502,"column":21}},"502":{"start":{"line":503,"column":0},"end":{"line":503,"column":54}},"504":{"start":{"line":505,"column":0},"end":{"line":505,"column":26}},"505":{"start":{"line":506,"column":0},"end":{"line":506,"column":88}},"506":{"start":{"line":507,"column":0},"end":{"line":507,"column":38}},"507":{"start":{"line":508,"column":0},"end":{"line":508,"column":46}},"508":{"start":{"line":509,"column":0},"end":{"line":509,"column":5}},"509":{"start":{"line":510,"column":0},"end":{"line":510,"column":3}},"510":{"start":{"line":511,"column":0},"end":{"line":511,"column":32}},"512":{"start":{"line":513,"column":0},"end":{"line":513,"column":27}},"513":{"start":{"line":514,"column":0},"end":{"line":514,"column":35}},"514":{"start":{"line":515,"column":0},"end":{"line":515,"column":25}},"515":{"start":{"line":516,"column":0},"end":{"line":516,"column":1}},"517":{"start":{"line":518,"column":0},"end":{"line":518,"column":61}},"518":{"start":{"line":519,"column":0},"end":{"line":519,"column":58}},"519":{"start":{"line":520,"column":0},"end":{"line":520,"column":57}},"520":{"start":{"line":521,"column":0},"end":{"line":521,"column":55}},"521":{"start":{"line":522,"column":0},"end":{"line":522,"column":60}},"522":{"start":{"line":523,"column":0},"end":{"line":523,"column":60}},"523":{"start":{"line":524,"column":0},"end":{"line":524,"column":28}},"524":{"start":{"line":525,"column":0},"end":{"line":525,"column":24}},"525":{"start":{"line":526,"column":0},"end":{"line":526,"column":113}},"526":{"start":{"line":527,"column":0},"end":{"line":527,"column":31}},"527":{"start":{"line":528,"column":0},"end":{"line":528,"column":32}},"529":{"start":{"line":530,"column":0},"end":{"line":530,"column":37}},"530":{"start":{"line":531,"column":0},"end":{"line":531,"column":16}},"531":{"start":{"line":532,"column":0},"end":{"line":532,"column":13}},"532":{"start":{"line":533,"column":0},"end":{"line":533,"column":46}},"533":{"start":{"line":534,"column":0},"end":{"line":534,"column":30}},"534":{"start":{"line":535,"column":0},"end":{"line":535,"column":3}},"535":{"start":{"line":536,"column":0},"end":{"line":536,"column":1}},"537":{"start":{"line":538,"column":0},"end":{"line":538,"column":31}},"538":{"start":{"line":539,"column":0},"end":{"line":539,"column":20}},"540":{"start":{"line":541,"column":0},"end":{"line":541,"column":54}},"542":{"start":{"line":543,"column":0},"end":{"line":543,"column":11}},"543":{"start":{"line":544,"column":0},"end":{"line":544,"column":39}},"544":{"start":{"line":545,"column":0},"end":{"line":545,"column":34}},"545":{"start":{"line":546,"column":0},"end":{"line":546,"column":77}},"546":{"start":{"line":547,"column":0},"end":{"line":547,"column":57}},"547":{"start":{"line":548,"column":0},"end":{"line":548,"column":48}},"548":{"start":{"line":549,"column":0},"end":{"line":549,"column":20}},"549":{"start":{"line":550,"column":0},"end":{"line":550,"column":46}},"550":{"start":{"line":551,"column":0},"end":{"line":551,"column":38}},"551":{"start":{"line":552,"column":0},"end":{"line":552,"column":17}},"552":{"start":{"line":553,"column":0},"end":{"line":553,"column":9}},"553":{"start":{"line":554,"column":0},"end":{"line":554,"column":26}},"554":{"start":{"line":555,"column":0},"end":{"line":555,"column":48}},"555":{"start":{"line":556,"column":0},"end":{"line":556,"column":23}},"556":{"start":{"line":557,"column":0},"end":{"line":557,"column":25}},"557":{"start":{"line":558,"column":0},"end":{"line":558,"column":54}},"558":{"start":{"line":559,"column":0},"end":{"line":559,"column":11}},"559":{"start":{"line":560,"column":0},"end":{"line":560,"column":36}},"560":{"start":{"line":561,"column":0},"end":{"line":561,"column":9}},"561":{"start":{"line":562,"column":0},"end":{"line":562,"column":20}},"562":{"start":{"line":563,"column":0},"end":{"line":563,"column":31}},"563":{"start":{"line":564,"column":0},"end":{"line":564,"column":9}},"564":{"start":{"line":565,"column":0},"end":{"line":565,"column":16}},"565":{"start":{"line":566,"column":0},"end":{"line":566,"column":5}},"566":{"start":{"line":567,"column":0},"end":{"line":567,"column":10}},"567":{"start":{"line":568,"column":0},"end":{"line":568,"column":52}},"568":{"start":{"line":569,"column":0},"end":{"line":569,"column":3}},"569":{"start":{"line":570,"column":0},"end":{"line":570,"column":1}},"571":{"start":{"line":572,"column":0},"end":{"line":572,"column":34}},"572":{"start":{"line":573,"column":0},"end":{"line":573,"column":20}},"574":{"start":{"line":575,"column":0},"end":{"line":575,"column":54}},"576":{"start":{"line":577,"column":0},"end":{"line":577,"column":11}},"577":{"start":{"line":578,"column":0},"end":{"line":578,"column":38}},"578":{"start":{"line":579,"column":0},"end":{"line":579,"column":37}},"579":{"start":{"line":580,"column":0},"end":{"line":580,"column":10}},"580":{"start":{"line":581,"column":0},"end":{"line":581,"column":54}},"581":{"start":{"line":582,"column":0},"end":{"line":582,"column":3}},"582":{"start":{"line":583,"column":0},"end":{"line":583,"column":29}},"583":{"start":{"line":584,"column":0},"end":{"line":584,"column":40}},"584":{"start":{"line":585,"column":0},"end":{"line":585,"column":42}},"585":{"start":{"line":586,"column":0},"end":{"line":586,"column":34}},"586":{"start":{"line":587,"column":0},"end":{"line":587,"column":5}},"587":{"start":{"line":588,"column":0},"end":{"line":588,"column":32}},"588":{"start":{"line":589,"column":0},"end":{"line":589,"column":43}},"589":{"start":{"line":590,"column":0},"end":{"line":590,"column":35}},"590":{"start":{"line":591,"column":0},"end":{"line":591,"column":58}},"591":{"start":{"line":592,"column":0},"end":{"line":592,"column":5}},"592":{"start":{"line":593,"column":0},"end":{"line":593,"column":3}},"593":{"start":{"line":594,"column":0},"end":{"line":594,"column":1}},"595":{"start":{"line":596,"column":0},"end":{"line":596,"column":35}},"596":{"start":{"line":597,"column":0},"end":{"line":597,"column":22}},"597":{"start":{"line":598,"column":0},"end":{"line":598,"column":28}},"599":{"start":{"line":600,"column":0},"end":{"line":600,"column":33}},"600":{"start":{"line":601,"column":0},"end":{"line":601,"column":68}},"601":{"start":{"line":602,"column":0},"end":{"line":602,"column":27}},"602":{"start":{"line":603,"column":0},"end":{"line":603,"column":12}},"604":{"start":{"line":605,"column":0},"end":{"line":605,"column":15}},"606":{"start":{"line":607,"column":0},"end":{"line":607,"column":76}},"607":{"start":{"line":608,"column":0},"end":{"line":608,"column":76}},"608":{"start":{"line":609,"column":0},"end":{"line":609,"column":34}},"609":{"start":{"line":610,"column":0},"end":{"line":610,"column":86}},"610":{"start":{"line":611,"column":0},"end":{"line":611,"column":80}},"611":{"start":{"line":612,"column":0},"end":{"line":612,"column":78}},"612":{"start":{"line":613,"column":0},"end":{"line":613,"column":81}},"613":{"start":{"line":614,"column":0},"end":{"line":614,"column":34}},"615":{"start":{"line":616,"column":0},"end":{"line":616,"column":78}},"616":{"start":{"line":617,"column":0},"end":{"line":617,"column":78}},"617":{"start":{"line":618,"column":0},"end":{"line":618,"column":19}},"618":{"start":{"line":619,"column":0},"end":{"line":619,"column":108}},"619":{"start":{"line":620,"column":0},"end":{"line":620,"column":31}},"620":{"start":{"line":621,"column":0},"end":{"line":621,"column":45}},"622":{"start":{"line":623,"column":0},"end":{"line":623,"column":75}},"623":{"start":{"line":624,"column":0},"end":{"line":624,"column":74}},"624":{"start":{"line":625,"column":0},"end":{"line":625,"column":39}},"625":{"start":{"line":626,"column":0},"end":{"line":626,"column":10}},"626":{"start":{"line":627,"column":0},"end":{"line":627,"column":1}},"628":{"start":{"line":629,"column":0},"end":{"line":629,"column":61}},"629":{"start":{"line":630,"column":0},"end":{"line":630,"column":10}},"630":{"start":{"line":631,"column":0},"end":{"line":631,"column":11}},"631":{"start":{"line":632,"column":0},"end":{"line":632,"column":250}},"632":{"start":{"line":633,"column":0},"end":{"line":633,"column":4}},"633":{"start":{"line":634,"column":0},"end":{"line":634,"column":24}},"634":{"start":{"line":635,"column":0},"end":{"line":635,"column":34}},"635":{"start":{"line":636,"column":0},"end":{"line":636,"column":39}},"636":{"start":{"line":637,"column":0},"end":{"line":637,"column":34}},"637":{"start":{"line":638,"column":0},"end":{"line":638,"column":24}},"638":{"start":{"line":639,"column":0},"end":{"line":639,"column":25}},"639":{"start":{"line":640,"column":0},"end":{"line":640,"column":34}},"640":{"start":{"line":641,"column":0},"end":{"line":641,"column":31}},"642":{"start":{"line":643,"column":0},"end":{"line":643,"column":30}},"643":{"start":{"line":644,"column":0},"end":{"line":644,"column":2}},"646":{"start":{"line":647,"column":0},"end":{"line":647,"column":43}},"647":{"start":{"line":648,"column":0},"end":{"line":648,"column":23}},"648":{"start":{"line":649,"column":0},"end":{"line":649,"column":99}},"649":{"start":{"line":650,"column":0},"end":{"line":650,"column":30}},"650":{"start":{"line":651,"column":0},"end":{"line":651,"column":64}},"651":{"start":{"line":652,"column":0},"end":{"line":652,"column":112}},"652":{"start":{"line":653,"column":0},"end":{"line":653,"column":117}},"653":{"start":{"line":654,"column":0},"end":{"line":654,"column":22}},"654":{"start":{"line":655,"column":0},"end":{"line":655,"column":4}},"655":{"start":{"line":656,"column":0},"end":{"line":656,"column":1}},"657":{"start":{"line":658,"column":0},"end":{"line":658,"column":19}},"659":{"start":{"line":660,"column":0},"end":{"line":660,"column":27}},"660":{"start":{"line":661,"column":0},"end":{"line":661,"column":36}},"661":{"start":{"line":662,"column":0},"end":{"line":662,"column":1}},"663":{"start":{"line":664,"column":0},"end":{"line":664,"column":30}},"664":{"start":{"line":665,"column":0},"end":{"line":665,"column":45}},"665":{"start":{"line":666,"column":0},"end":{"line":666,"column":38}},"666":{"start":{"line":667,"column":0},"end":{"line":667,"column":3}},"667":{"start":{"line":668,"column":0},"end":{"line":668,"column":19}},"668":{"start":{"line":669,"column":0},"end":{"line":669,"column":28}},"669":{"start":{"line":670,"column":0},"end":{"line":670,"column":3}},"670":{"start":{"line":671,"column":0},"end":{"line":671,"column":58}},"671":{"start":{"line":672,"column":0},"end":{"line":672,"column":1}},"673":{"start":{"line":674,"column":0},"end":{"line":674,"column":42}},"674":{"start":{"line":675,"column":0},"end":{"line":675,"column":77}},"675":{"start":{"line":676,"column":0},"end":{"line":676,"column":20}},"676":{"start":{"line":677,"column":0},"end":{"line":677,"column":39}},"677":{"start":{"line":678,"column":0},"end":{"line":678,"column":9}},"678":{"start":{"line":679,"column":0},"end":{"line":679,"column":49}},"679":{"start":{"line":680,"column":0},"end":{"line":680,"column":38}},"680":{"start":{"line":681,"column":0},"end":{"line":681,"column":13}},"681":{"start":{"line":682,"column":0},"end":{"line":682,"column":42}},"682":{"start":{"line":683,"column":0},"end":{"line":683,"column":5}},"683":{"start":{"line":684,"column":0},"end":{"line":684,"column":3}},"685":{"start":{"line":686,"column":0},"end":{"line":686,"column":68}},"686":{"start":{"line":687,"column":0},"end":{"line":687,"column":35}},"687":{"start":{"line":688,"column":0},"end":{"line":688,"column":1}},"689":{"start":{"line":690,"column":0},"end":{"line":690,"column":60}},"690":{"start":{"line":691,"column":0},"end":{"line":691,"column":7}},"691":{"start":{"line":692,"column":0},"end":{"line":692,"column":49}},"692":{"start":{"line":693,"column":0},"end":{"line":693,"column":66}},"693":{"start":{"line":694,"column":0},"end":{"line":694,"column":20}},"694":{"start":{"line":695,"column":0},"end":{"line":695,"column":20}},"695":{"start":{"line":696,"column":0},"end":{"line":696,"column":60}},"697":{"start":{"line":698,"column":0},"end":{"line":698,"column":36}},"698":{"start":{"line":699,"column":0},"end":{"line":699,"column":36}},"699":{"start":{"line":700,"column":0},"end":{"line":700,"column":255}},"700":{"start":{"line":701,"column":0},"end":{"line":701,"column":5}},"701":{"start":{"line":702,"column":0},"end":{"line":702,"column":18}},"702":{"start":{"line":703,"column":0},"end":{"line":703,"column":3}},"703":{"start":{"line":704,"column":0},"end":{"line":704,"column":1}},"705":{"start":{"line":706,"column":0},"end":{"line":706,"column":62}},"706":{"start":{"line":707,"column":0},"end":{"line":707,"column":70}},"707":{"start":{"line":708,"column":0},"end":{"line":708,"column":98}},"708":{"start":{"line":709,"column":0},"end":{"line":709,"column":31}},"709":{"start":{"line":710,"column":0},"end":{"line":710,"column":78}},"710":{"start":{"line":711,"column":0},"end":{"line":711,"column":71}},"711":{"start":{"line":712,"column":0},"end":{"line":712,"column":28}},"712":{"start":{"line":713,"column":0},"end":{"line":713,"column":8}},"713":{"start":{"line":714,"column":0},"end":{"line":714,"column":19}},"714":{"start":{"line":715,"column":0},"end":{"line":715,"column":67}},"715":{"start":{"line":716,"column":0},"end":{"line":716,"column":29}},"716":{"start":{"line":717,"column":0},"end":{"line":717,"column":8}},"717":{"start":{"line":718,"column":0},"end":{"line":718,"column":9}},"718":{"start":{"line":719,"column":0},"end":{"line":719,"column":71}},"719":{"start":{"line":720,"column":0},"end":{"line":720,"column":90}},"720":{"start":{"line":721,"column":0},"end":{"line":721,"column":33}},"721":{"start":{"line":722,"column":0},"end":{"line":722,"column":22}},"722":{"start":{"line":723,"column":0},"end":{"line":723,"column":86}},"723":{"start":{"line":724,"column":0},"end":{"line":724,"column":77}},"724":{"start":{"line":725,"column":0},"end":{"line":725,"column":54}},"725":{"start":{"line":726,"column":0},"end":{"line":726,"column":55}},"726":{"start":{"line":727,"column":0},"end":{"line":727,"column":50}},"727":{"start":{"line":728,"column":0},"end":{"line":728,"column":6}},"728":{"start":{"line":729,"column":0},"end":{"line":729,"column":3}},"729":{"start":{"line":730,"column":0},"end":{"line":730,"column":53}},"730":{"start":{"line":731,"column":0},"end":{"line":731,"column":1}},"732":{"start":{"line":733,"column":0},"end":{"line":733,"column":27}},"733":{"start":{"line":734,"column":0},"end":{"line":734,"column":20}},"734":{"start":{"line":735,"column":0},"end":{"line":735,"column":10}},"735":{"start":{"line":736,"column":0},"end":{"line":736,"column":23}},"736":{"start":{"line":737,"column":0},"end":{"line":737,"column":42}},"737":{"start":{"line":738,"column":0},"end":{"line":738,"column":3}},"738":{"start":{"line":739,"column":0},"end":{"line":739,"column":1}},"740":{"start":{"line":741,"column":0},"end":{"line":741,"column":28}},"741":{"start":{"line":742,"column":0},"end":{"line":742,"column":50}},"742":{"start":{"line":743,"column":0},"end":{"line":743,"column":29}},"743":{"start":{"line":744,"column":0},"end":{"line":744,"column":90}},"744":{"start":{"line":745,"column":0},"end":{"line":745,"column":64}},"745":{"start":{"line":746,"column":0},"end":{"line":746,"column":37}},"746":{"start":{"line":747,"column":0},"end":{"line":747,"column":43}},"747":{"start":{"line":748,"column":0},"end":{"line":748,"column":46}},"748":{"start":{"line":749,"column":0},"end":{"line":749,"column":35}},"750":{"start":{"line":751,"column":0},"end":{"line":751,"column":4}},"752":{"start":{"line":753,"column":0},"end":{"line":753,"column":39}},"753":{"start":{"line":754,"column":0},"end":{"line":754,"column":4}},"754":{"start":{"line":755,"column":0},"end":{"line":755,"column":59}},"755":{"start":{"line":756,"column":0},"end":{"line":756,"column":24}},"757":{"start":{"line":758,"column":0},"end":{"line":758,"column":44}},"758":{"start":{"line":759,"column":0},"end":{"line":759,"column":23}},"759":{"start":{"line":760,"column":0},"end":{"line":760,"column":3}},"760":{"start":{"line":761,"column":0},"end":{"line":761,"column":39}},"761":{"start":{"line":762,"column":0},"end":{"line":762,"column":39}},"763":{"start":{"line":764,"column":0},"end":{"line":764,"column":49}},"764":{"start":{"line":765,"column":0},"end":{"line":765,"column":83}},"765":{"start":{"line":766,"column":0},"end":{"line":766,"column":84}},"766":{"start":{"line":767,"column":0},"end":{"line":767,"column":50}},"767":{"start":{"line":768,"column":0},"end":{"line":768,"column":26}},"768":{"start":{"line":769,"column":0},"end":{"line":769,"column":47}},"769":{"start":{"line":770,"column":0},"end":{"line":770,"column":80}},"770":{"start":{"line":771,"column":0},"end":{"line":771,"column":87}},"771":{"start":{"line":772,"column":0},"end":{"line":772,"column":150}},"772":{"start":{"line":773,"column":0},"end":{"line":773,"column":22}},"773":{"start":{"line":774,"column":0},"end":{"line":774,"column":161}},"774":{"start":{"line":775,"column":0},"end":{"line":775,"column":81}},"775":{"start":{"line":776,"column":0},"end":{"line":776,"column":47}},"776":{"start":{"line":777,"column":0},"end":{"line":777,"column":3}},"778":{"start":{"line":779,"column":0},"end":{"line":779,"column":30}},"780":{"start":{"line":781,"column":0},"end":{"line":781,"column":110}},"781":{"start":{"line":782,"column":0},"end":{"line":782,"column":77}},"782":{"start":{"line":783,"column":0},"end":{"line":783,"column":79}},"783":{"start":{"line":784,"column":0},"end":{"line":784,"column":16}},"784":{"start":{"line":785,"column":0},"end":{"line":785,"column":77}},"785":{"start":{"line":786,"column":0},"end":{"line":786,"column":10}},"786":{"start":{"line":787,"column":0},"end":{"line":787,"column":34}},"787":{"start":{"line":788,"column":0},"end":{"line":788,"column":45}},"788":{"start":{"line":789,"column":0},"end":{"line":789,"column":11}},"789":{"start":{"line":790,"column":0},"end":{"line":790,"column":56}},"790":{"start":{"line":791,"column":0},"end":{"line":791,"column":46}},"791":{"start":{"line":792,"column":0},"end":{"line":792,"column":11}},"792":{"start":{"line":793,"column":0},"end":{"line":793,"column":18}},"793":{"start":{"line":794,"column":0},"end":{"line":794,"column":71}},"794":{"start":{"line":795,"column":0},"end":{"line":795,"column":18}},"795":{"start":{"line":796,"column":0},"end":{"line":796,"column":7}},"796":{"start":{"line":797,"column":0},"end":{"line":797,"column":7}},"797":{"start":{"line":798,"column":0},"end":{"line":798,"column":3}},"799":{"start":{"line":800,"column":0},"end":{"line":800,"column":38}},"800":{"start":{"line":801,"column":0},"end":{"line":801,"column":74}},"801":{"start":{"line":802,"column":0},"end":{"line":802,"column":53}},"802":{"start":{"line":803,"column":0},"end":{"line":803,"column":19}},"803":{"start":{"line":804,"column":0},"end":{"line":804,"column":1}},"805":{"start":{"line":806,"column":0},"end":{"line":806,"column":27}},"807":{"start":{"line":808,"column":0},"end":{"line":808,"column":24}},"810":{"start":{"line":811,"column":0},"end":{"line":811,"column":20}},"811":{"start":{"line":812,"column":0},"end":{"line":812,"column":26}},"812":{"start":{"line":813,"column":0},"end":{"line":813,"column":27}},"813":{"start":{"line":814,"column":0},"end":{"line":814,"column":65}},"814":{"start":{"line":815,"column":0},"end":{"line":815,"column":29}},"815":{"start":{"line":816,"column":0},"end":{"line":816,"column":7}},"816":{"start":{"line":817,"column":0},"end":{"line":817,"column":5}},"818":{"start":{"line":819,"column":0},"end":{"line":819,"column":45}},"819":{"start":{"line":820,"column":0},"end":{"line":820,"column":36}},"820":{"start":{"line":821,"column":0},"end":{"line":821,"column":49}},"821":{"start":{"line":822,"column":0},"end":{"line":822,"column":34}},"822":{"start":{"line":823,"column":0},"end":{"line":823,"column":7}},"823":{"start":{"line":824,"column":0},"end":{"line":824,"column":6}},"824":{"start":{"line":825,"column":0},"end":{"line":825,"column":22}},"825":{"start":{"line":826,"column":0},"end":{"line":826,"column":49}},"827":{"start":{"line":828,"column":0},"end":{"line":828,"column":21}},"828":{"start":{"line":829,"column":0},"end":{"line":829,"column":47}},"831":{"start":{"line":832,"column":0},"end":{"line":832,"column":2}},"832":{"start":{"line":833,"column":0},"end":{"line":833,"column":7}},"833":{"start":{"line":834,"column":0},"end":{"line":834,"column":26}},"834":{"start":{"line":835,"column":0},"end":{"line":835,"column":27}},"835":{"start":{"line":836,"column":0},"end":{"line":836,"column":7}},"836":{"start":{"line":837,"column":0},"end":{"line":837,"column":39}},"837":{"start":{"line":838,"column":0},"end":{"line":838,"column":39}},"838":{"start":{"line":839,"column":0},"end":{"line":839,"column":19}},"839":{"start":{"line":840,"column":0},"end":{"line":840,"column":35}},"840":{"start":{"line":841,"column":0},"end":{"line":841,"column":35}},"841":{"start":{"line":842,"column":0},"end":{"line":842,"column":44}},"842":{"start":{"line":843,"column":0},"end":{"line":843,"column":44}},"843":{"start":{"line":844,"column":0},"end":{"line":844,"column":44}},"844":{"start":{"line":845,"column":0},"end":{"line":845,"column":47}},"845":{"start":{"line":846,"column":0},"end":{"line":846,"column":48}},"846":{"start":{"line":847,"column":0},"end":{"line":847,"column":43}},"847":{"start":{"line":848,"column":0},"end":{"line":848,"column":59}},"848":{"start":{"line":849,"column":0},"end":{"line":849,"column":5}},"849":{"start":{"line":850,"column":0},"end":{"line":850,"column":3}},"851":{"start":{"line":852,"column":0},"end":{"line":852,"column":27}},"853":{"start":{"line":854,"column":0},"end":{"line":854,"column":30}},"854":{"start":{"line":855,"column":0},"end":{"line":855,"column":38}},"855":{"start":{"line":856,"column":0},"end":{"line":856,"column":73}},"856":{"start":{"line":857,"column":0},"end":{"line":857,"column":17}},"857":{"start":{"line":858,"column":0},"end":{"line":858,"column":54}},"858":{"start":{"line":859,"column":0},"end":{"line":859,"column":6}},"860":{"start":{"line":861,"column":0},"end":{"line":861,"column":2}},"861":{"start":{"line":862,"column":0},"end":{"line":862,"column":7}},"862":{"start":{"line":863,"column":0},"end":{"line":863,"column":26}},"863":{"start":{"line":864,"column":0},"end":{"line":864,"column":28}},"864":{"start":{"line":865,"column":0},"end":{"line":865,"column":27}},"865":{"start":{"line":866,"column":0},"end":{"line":866,"column":7}},"866":{"start":{"line":867,"column":0},"end":{"line":867,"column":46}},"867":{"start":{"line":868,"column":0},"end":{"line":868,"column":39}},"868":{"start":{"line":869,"column":0},"end":{"line":869,"column":19}},"869":{"start":{"line":870,"column":0},"end":{"line":870,"column":43}},"870":{"start":{"line":871,"column":0},"end":{"line":871,"column":43}},"871":{"start":{"line":872,"column":0},"end":{"line":872,"column":52}},"872":{"start":{"line":873,"column":0},"end":{"line":873,"column":52}},"873":{"start":{"line":874,"column":0},"end":{"line":874,"column":60}},"874":{"start":{"line":875,"column":0},"end":{"line":875,"column":55}},"875":{"start":{"line":876,"column":0},"end":{"line":876,"column":56}},"876":{"start":{"line":877,"column":0},"end":{"line":877,"column":51}},"877":{"start":{"line":878,"column":0},"end":{"line":878,"column":59}},"878":{"start":{"line":879,"column":0},"end":{"line":879,"column":5}},"879":{"start":{"line":880,"column":0},"end":{"line":880,"column":3}},"881":{"start":{"line":882,"column":0},"end":{"line":882,"column":62}},"883":{"start":{"line":884,"column":0},"end":{"line":884,"column":56}},"885":{"start":{"line":886,"column":0},"end":{"line":886,"column":28}},"886":{"start":{"line":887,"column":0},"end":{"line":887,"column":28}},"887":{"start":{"line":888,"column":0},"end":{"line":888,"column":34}},"888":{"start":{"line":889,"column":0},"end":{"line":889,"column":33}},"889":{"start":{"line":890,"column":0},"end":{"line":890,"column":59}},"890":{"start":{"line":891,"column":0},"end":{"line":891,"column":18}},"891":{"start":{"line":892,"column":0},"end":{"line":892,"column":7}},"892":{"start":{"line":893,"column":0},"end":{"line":893,"column":6}},"894":{"start":{"line":895,"column":0},"end":{"line":895,"column":2}},"895":{"start":{"line":896,"column":0},"end":{"line":896,"column":34}},"896":{"start":{"line":897,"column":0},"end":{"line":897,"column":76}},"897":{"start":{"line":898,"column":0},"end":{"line":898,"column":30}},"898":{"start":{"line":899,"column":0},"end":{"line":899,"column":24}},"899":{"start":{"line":900,"column":0},"end":{"line":900,"column":32}},"900":{"start":{"line":901,"column":0},"end":{"line":901,"column":33}},"901":{"start":{"line":902,"column":0},"end":{"line":902,"column":21}},"902":{"start":{"line":903,"column":0},"end":{"line":903,"column":7}},"903":{"start":{"line":904,"column":0},"end":{"line":904,"column":40}},"904":{"start":{"line":905,"column":0},"end":{"line":905,"column":6}},"905":{"start":{"line":906,"column":0},"end":{"line":906,"column":2}},"906":{"start":{"line":907,"column":0},"end":{"line":907,"column":2}},"907":{"start":{"line":908,"column":0},"end":{"line":908,"column":42}},"908":{"start":{"line":909,"column":0},"end":{"line":909,"column":38}},"909":{"start":{"line":910,"column":0},"end":{"line":910,"column":26}},"910":{"start":{"line":911,"column":0},"end":{"line":911,"column":2}},"911":{"start":{"line":912,"column":0},"end":{"line":912,"column":30}},"912":{"start":{"line":913,"column":0},"end":{"line":913,"column":2}},"913":{"start":{"line":914,"column":0},"end":{"line":914,"column":101}},"914":{"start":{"line":915,"column":0},"end":{"line":915,"column":44}},"915":{"start":{"line":916,"column":0},"end":{"line":916,"column":316}},"916":{"start":{"line":917,"column":0},"end":{"line":917,"column":17}},"917":{"start":{"line":918,"column":0},"end":{"line":918,"column":7}},"918":{"start":{"line":919,"column":0},"end":{"line":919,"column":2}},"919":{"start":{"line":920,"column":0},"end":{"line":920,"column":25}},"920":{"start":{"line":921,"column":0},"end":{"line":921,"column":6}},"922":{"start":{"line":923,"column":0},"end":{"line":923,"column":32}},"923":{"start":{"line":924,"column":0},"end":{"line":924,"column":82}},"924":{"start":{"line":925,"column":0},"end":{"line":925,"column":31}},"925":{"start":{"line":926,"column":0},"end":{"line":926,"column":49}},"926":{"start":{"line":927,"column":0},"end":{"line":927,"column":88}},"927":{"start":{"line":928,"column":0},"end":{"line":928,"column":49}},"928":{"start":{"line":929,"column":0},"end":{"line":929,"column":53}},"929":{"start":{"line":930,"column":0},"end":{"line":930,"column":26}},"930":{"start":{"line":931,"column":0},"end":{"line":931,"column":7}},"931":{"start":{"line":932,"column":0},"end":{"line":932,"column":25}},"932":{"start":{"line":933,"column":0},"end":{"line":933,"column":50}},"933":{"start":{"line":934,"column":0},"end":{"line":934,"column":51}},"934":{"start":{"line":935,"column":0},"end":{"line":935,"column":104}},"935":{"start":{"line":936,"column":0},"end":{"line":936,"column":9}},"936":{"start":{"line":937,"column":0},"end":{"line":937,"column":7}},"937":{"start":{"line":938,"column":0},"end":{"line":938,"column":18}},"938":{"start":{"line":939,"column":0},"end":{"line":939,"column":6}},"940":{"start":{"line":941,"column":0},"end":{"line":941,"column":34}},"941":{"start":{"line":942,"column":0},"end":{"line":942,"column":18}},"942":{"start":{"line":943,"column":0},"end":{"line":943,"column":44}},"943":{"start":{"line":944,"column":0},"end":{"line":944,"column":81}},"944":{"start":{"line":945,"column":0},"end":{"line":945,"column":69}},"945":{"start":{"line":946,"column":0},"end":{"line":946,"column":30}},"946":{"start":{"line":947,"column":0},"end":{"line":947,"column":58}},"947":{"start":{"line":948,"column":0},"end":{"line":948,"column":63}},"948":{"start":{"line":949,"column":0},"end":{"line":949,"column":24}},"949":{"start":{"line":950,"column":0},"end":{"line":950,"column":16}},"950":{"start":{"line":951,"column":0},"end":{"line":951,"column":32}},"951":{"start":{"line":952,"column":0},"end":{"line":952,"column":19}},"952":{"start":{"line":953,"column":0},"end":{"line":953,"column":48}},"953":{"start":{"line":954,"column":0},"end":{"line":954,"column":24}},"954":{"start":{"line":955,"column":0},"end":{"line":955,"column":16}},"955":{"start":{"line":956,"column":0},"end":{"line":956,"column":19}},"956":{"start":{"line":957,"column":0},"end":{"line":957,"column":9}},"957":{"start":{"line":958,"column":0},"end":{"line":958,"column":7}},"958":{"start":{"line":959,"column":0},"end":{"line":959,"column":17}},"959":{"start":{"line":960,"column":0},"end":{"line":960,"column":6}},"960":{"start":{"line":961,"column":0},"end":{"line":961,"column":2}},"961":{"start":{"line":962,"column":0},"end":{"line":962,"column":67}},"962":{"start":{"line":963,"column":0},"end":{"line":963,"column":96}},"963":{"start":{"line":964,"column":0},"end":{"line":964,"column":77}},"964":{"start":{"line":965,"column":0},"end":{"line":965,"column":60}},"965":{"start":{"line":966,"column":0},"end":{"line":966,"column":33}},"966":{"start":{"line":967,"column":0},"end":{"line":967,"column":17}},"967":{"start":{"line":968,"column":0},"end":{"line":968,"column":2}},"968":{"start":{"line":969,"column":0},"end":{"line":969,"column":28}},"969":{"start":{"line":970,"column":0},"end":{"line":970,"column":82}},"970":{"start":{"line":971,"column":0},"end":{"line":971,"column":44}},"971":{"start":{"line":972,"column":0},"end":{"line":972,"column":81}},"972":{"start":{"line":973,"column":0},"end":{"line":973,"column":69}},"973":{"start":{"line":974,"column":0},"end":{"line":974,"column":30}},"974":{"start":{"line":975,"column":0},"end":{"line":975,"column":58}},"975":{"start":{"line":976,"column":0},"end":{"line":976,"column":86}},"976":{"start":{"line":977,"column":0},"end":{"line":977,"column":51}},"977":{"start":{"line":978,"column":0},"end":{"line":978,"column":50}},"978":{"start":{"line":979,"column":0},"end":{"line":979,"column":63}},"979":{"start":{"line":980,"column":0},"end":{"line":980,"column":41}},"980":{"start":{"line":981,"column":0},"end":{"line":981,"column":39}},"981":{"start":{"line":982,"column":0},"end":{"line":982,"column":59}},"982":{"start":{"line":983,"column":0},"end":{"line":983,"column":9}},"983":{"start":{"line":984,"column":0},"end":{"line":984,"column":24}},"984":{"start":{"line":985,"column":0},"end":{"line":985,"column":38}},"985":{"start":{"line":986,"column":0},"end":{"line":986,"column":29}},"986":{"start":{"line":987,"column":0},"end":{"line":987,"column":32}},"987":{"start":{"line":988,"column":0},"end":{"line":988,"column":42}},"988":{"start":{"line":989,"column":0},"end":{"line":989,"column":43}},"989":{"start":{"line":990,"column":0},"end":{"line":990,"column":43}},"990":{"start":{"line":991,"column":0},"end":{"line":991,"column":33}},"991":{"start":{"line":992,"column":0},"end":{"line":992,"column":42}},"992":{"start":{"line":993,"column":0},"end":{"line":993,"column":44}},"993":{"start":{"line":994,"column":0},"end":{"line":994,"column":50}},"994":{"start":{"line":995,"column":0},"end":{"line":995,"column":43}},"995":{"start":{"line":996,"column":0},"end":{"line":996,"column":16}},"996":{"start":{"line":997,"column":0},"end":{"line":997,"column":42}},"997":{"start":{"line":998,"column":0},"end":{"line":998,"column":224}},"998":{"start":{"line":999,"column":0},"end":{"line":999,"column":44}},"999":{"start":{"line":1000,"column":0},"end":{"line":1000,"column":51}},"1000":{"start":{"line":1001,"column":0},"end":{"line":1001,"column":50}},"1001":{"start":{"line":1002,"column":0},"end":{"line":1002,"column":43}},"1002":{"start":{"line":1003,"column":0},"end":{"line":1003,"column":9}},"1003":{"start":{"line":1004,"column":0},"end":{"line":1004,"column":7}},"1004":{"start":{"line":1005,"column":0},"end":{"line":1005,"column":50}},"1005":{"start":{"line":1006,"column":0},"end":{"line":1006,"column":23}},"1006":{"start":{"line":1007,"column":0},"end":{"line":1007,"column":31}},"1007":{"start":{"line":1008,"column":0},"end":{"line":1008,"column":6}},"1008":{"start":{"line":1009,"column":0},"end":{"line":1009,"column":56}},"1009":{"start":{"line":1010,"column":0},"end":{"line":1010,"column":174}},"1010":{"start":{"line":1011,"column":0},"end":{"line":1011,"column":69}},"1011":{"start":{"line":1012,"column":0},"end":{"line":1012,"column":6}},"1012":{"start":{"line":1013,"column":0},"end":{"line":1013,"column":2}},"1013":{"start":{"line":1014,"column":0},"end":{"line":1014,"column":56}},"1014":{"start":{"line":1015,"column":0},"end":{"line":1015,"column":38}},"1015":{"start":{"line":1016,"column":0},"end":{"line":1016,"column":42}},"1016":{"start":{"line":1017,"column":0},"end":{"line":1017,"column":33}},"1017":{"start":{"line":1018,"column":0},"end":{"line":1018,"column":35}},"1018":{"start":{"line":1019,"column":0},"end":{"line":1019,"column":17}},"1019":{"start":{"line":1020,"column":0},"end":{"line":1020,"column":6}},"1020":{"start":{"line":1021,"column":0},"end":{"line":1021,"column":22}},"1022":{"start":{"line":1023,"column":0},"end":{"line":1023,"column":26}},"1023":{"start":{"line":1024,"column":0},"end":{"line":1024,"column":74}},"1024":{"start":{"line":1025,"column":0},"end":{"line":1025,"column":41}},"1026":{"start":{"line":1027,"column":0},"end":{"line":1027,"column":1}},"1028":{"start":{"line":1029,"column":0},"end":{"line":1029,"column":26}},"1029":{"start":{"line":1030,"column":0},"end":{"line":1030,"column":71}},"1030":{"start":{"line":1031,"column":0},"end":{"line":1031,"column":43}},"1031":{"start":{"line":1032,"column":0},"end":{"line":1032,"column":49}},"1032":{"start":{"line":1033,"column":0},"end":{"line":1033,"column":60}},"1034":{"start":{"line":1035,"column":0},"end":{"line":1035,"column":48}},"1035":{"start":{"line":1036,"column":0},"end":{"line":1036,"column":58}},"1037":{"start":{"line":1038,"column":0},"end":{"line":1038,"column":24}},"1039":{"start":{"line":1040,"column":0},"end":{"line":1040,"column":27}},"1041":{"start":{"line":1042,"column":0},"end":{"line":1042,"column":60}},"1042":{"start":{"line":1043,"column":0},"end":{"line":1043,"column":65}},"1044":{"start":{"line":1045,"column":0},"end":{"line":1045,"column":51}},"1045":{"start":{"line":1046,"column":0},"end":{"line":1046,"column":156}},"1046":{"start":{"line":1047,"column":0},"end":{"line":1047,"column":144}},"1047":{"start":{"line":1048,"column":0},"end":{"line":1048,"column":148}},"1048":{"start":{"line":1049,"column":0},"end":{"line":1049,"column":144}},"1049":{"start":{"line":1050,"column":0},"end":{"line":1050,"column":81}},"1050":{"start":{"line":1051,"column":0},"end":{"line":1051,"column":116}},"1051":{"start":{"line":1052,"column":0},"end":{"line":1052,"column":119}},"1052":{"start":{"line":1053,"column":0},"end":{"line":1053,"column":144}},"1053":{"start":{"line":1054,"column":0},"end":{"line":1054,"column":117}},"1054":{"start":{"line":1055,"column":0},"end":{"line":1055,"column":218}},"1055":{"start":{"line":1056,"column":0},"end":{"line":1056,"column":130}},"1056":{"start":{"line":1057,"column":0},"end":{"line":1057,"column":83}},"1057":{"start":{"line":1058,"column":0},"end":{"line":1058,"column":141}},"1058":{"start":{"line":1059,"column":0},"end":{"line":1059,"column":157}},"1060":{"start":{"line":1061,"column":0},"end":{"line":1061,"column":1}},"1062":{"start":{"line":1063,"column":0},"end":{"line":1063,"column":24}},"1063":{"start":{"line":1064,"column":0},"end":{"line":1064,"column":31}},"1064":{"start":{"line":1065,"column":0},"end":{"line":1065,"column":18}},"1065":{"start":{"line":1066,"column":0},"end":{"line":1066,"column":25}},"1066":{"start":{"line":1067,"column":0},"end":{"line":1067,"column":27}},"1067":{"start":{"line":1068,"column":0},"end":{"line":1068,"column":25}},"1068":{"start":{"line":1069,"column":0},"end":{"line":1069,"column":27}},"1069":{"start":{"line":1070,"column":0},"end":{"line":1070,"column":19}},"1070":{"start":{"line":1071,"column":0},"end":{"line":1071,"column":19}},"1071":{"start":{"line":1072,"column":0},"end":{"line":1072,"column":24}},"1072":{"start":{"line":1073,"column":0},"end":{"line":1073,"column":31}},"1073":{"start":{"line":1074,"column":0},"end":{"line":1074,"column":24}},"1074":{"start":{"line":1075,"column":0},"end":{"line":1075,"column":23}},"1075":{"start":{"line":1076,"column":0},"end":{"line":1076,"column":16}},"1076":{"start":{"line":1077,"column":0},"end":{"line":1077,"column":16}},"1077":{"start":{"line":1078,"column":0},"end":{"line":1078,"column":15}},"1078":{"start":{"line":1079,"column":0},"end":{"line":1079,"column":15}},"1079":{"start":{"line":1080,"column":0},"end":{"line":1080,"column":28}},"1080":{"start":{"line":1081,"column":0},"end":{"line":1081,"column":15}},"1081":{"start":{"line":1082,"column":0},"end":{"line":1082,"column":13}},"1082":{"start":{"line":1083,"column":0},"end":{"line":1083,"column":14}},"1083":{"start":{"line":1084,"column":0},"end":{"line":1084,"column":14}},"1084":{"start":{"line":1085,"column":0},"end":{"line":1085,"column":14}},"1085":{"start":{"line":1086,"column":0},"end":{"line":1086,"column":14}},"1086":{"start":{"line":1087,"column":0},"end":{"line":1087,"column":17}},"1087":{"start":{"line":1088,"column":0},"end":{"line":1088,"column":18}},"1088":{"start":{"line":1089,"column":0},"end":{"line":1089,"column":18}},"1089":{"start":{"line":1090,"column":0},"end":{"line":1090,"column":18}},"1090":{"start":{"line":1091,"column":0},"end":{"line":1091,"column":12}},"1091":{"start":{"line":1092,"column":0},"end":{"line":1092,"column":22}},"1092":{"start":{"line":1093,"column":0},"end":{"line":1093,"column":15}},"1093":{"start":{"line":1094,"column":0},"end":{"line":1094,"column":27}},"1094":{"start":{"line":1095,"column":0},"end":{"line":1095,"column":17}},"1095":{"start":{"line":1096,"column":0},"end":{"line":1096,"column":12}},"1096":{"start":{"line":1097,"column":0},"end":{"line":1097,"column":25}},"1097":{"start":{"line":1098,"column":0},"end":{"line":1098,"column":24}},"1098":{"start":{"line":1099,"column":0},"end":{"line":1099,"column":21}},"1099":{"start":{"line":1100,"column":0},"end":{"line":1100,"column":14}},"1100":{"start":{"line":1101,"column":0},"end":{"line":1101,"column":16}},"1101":{"start":{"line":1102,"column":0},"end":{"line":1102,"column":14}},"1102":{"start":{"line":1103,"column":0},"end":{"line":1103,"column":16}},"1103":{"start":{"line":1104,"column":0},"end":{"line":1104,"column":14}},"1104":{"start":{"line":1105,"column":0},"end":{"line":1105,"column":20}},"1105":{"start":{"line":1106,"column":0},"end":{"line":1106,"column":22}},"1106":{"start":{"line":1107,"column":0},"end":{"line":1107,"column":14}},"1107":{"start":{"line":1108,"column":0},"end":{"line":1108,"column":18}},"1108":{"start":{"line":1109,"column":0},"end":{"line":1109,"column":17}},"1109":{"start":{"line":1110,"column":0},"end":{"line":1110,"column":14}},"1110":{"start":{"line":1111,"column":0},"end":{"line":1111,"column":15}},"1111":{"start":{"line":1112,"column":0},"end":{"line":1112,"column":16}},"1112":{"start":{"line":1113,"column":0},"end":{"line":1113,"column":17}},"1113":{"start":{"line":1114,"column":0},"end":{"line":1114,"column":15}},"1114":{"start":{"line":1115,"column":0},"end":{"line":1115,"column":13}},"1115":{"start":{"line":1116,"column":0},"end":{"line":1116,"column":10}},"1116":{"start":{"line":1117,"column":0},"end":{"line":1117,"column":10}},"1117":{"start":{"line":1118,"column":0},"end":{"line":1118,"column":18}},"1118":{"start":{"line":1119,"column":0},"end":{"line":1119,"column":19}},"1119":{"start":{"line":1120,"column":0},"end":{"line":1120,"column":21}},"1120":{"start":{"line":1121,"column":0},"end":{"line":1121,"column":28}},"1121":{"start":{"line":1122,"column":0},"end":{"line":1122,"column":22}},"1122":{"start":{"line":1123,"column":0},"end":{"line":1123,"column":19}},"1123":{"start":{"line":1124,"column":0},"end":{"line":1124,"column":23}},"1124":{"start":{"line":1125,"column":0},"end":{"line":1125,"column":16}},"1125":{"start":{"line":1126,"column":0},"end":{"line":1126,"column":19}},"1126":{"start":{"line":1127,"column":0},"end":{"line":1127,"column":19}},"1127":{"start":{"line":1128,"column":0},"end":{"line":1128,"column":11}},"1128":{"start":{"line":1129,"column":0},"end":{"line":1129,"column":11}},"1129":{"start":{"line":1130,"column":0},"end":{"line":1130,"column":11}},"1130":{"start":{"line":1131,"column":0},"end":{"line":1131,"column":17}},"1131":{"start":{"line":1132,"column":0},"end":{"line":1132,"column":22}},"1132":{"start":{"line":1133,"column":0},"end":{"line":1133,"column":17}},"1133":{"start":{"line":1134,"column":0},"end":{"line":1134,"column":23}},"1134":{"start":{"line":1135,"column":0},"end":{"line":1135,"column":21}},"1135":{"start":{"line":1136,"column":0},"end":{"line":1136,"column":18}},"1136":{"start":{"line":1137,"column":0},"end":{"line":1137,"column":18}},"1137":{"start":{"line":1138,"column":0},"end":{"line":1138,"column":18}},"1138":{"start":{"line":1139,"column":0},"end":{"line":1139,"column":18}},"1139":{"start":{"line":1140,"column":0},"end":{"line":1140,"column":21}},"1140":{"start":{"line":1141,"column":0},"end":{"line":1141,"column":18}},"1141":{"start":{"line":1142,"column":0},"end":{"line":1142,"column":18}},"1142":{"start":{"line":1143,"column":0},"end":{"line":1143,"column":21}},"1143":{"start":{"line":1144,"column":0},"end":{"line":1144,"column":20}},"1144":{"start":{"line":1145,"column":0},"end":{"line":1145,"column":23}},"1145":{"start":{"line":1146,"column":0},"end":{"line":1146,"column":29}},"1146":{"start":{"line":1147,"column":0},"end":{"line":1147,"column":27}},"1147":{"start":{"line":1148,"column":0},"end":{"line":1148,"column":20}},"1148":{"start":{"line":1149,"column":0},"end":{"line":1149,"column":26}},"1149":{"start":{"line":1150,"column":0},"end":{"line":1150,"column":23}},"1150":{"start":{"line":1151,"column":0},"end":{"line":1151,"column":31}},"1151":{"start":{"line":1152,"column":0},"end":{"line":1152,"column":31}},"1152":{"start":{"line":1153,"column":0},"end":{"line":1153,"column":28}},"1153":{"start":{"line":1154,"column":0},"end":{"line":1154,"column":31}},"1154":{"start":{"line":1155,"column":0},"end":{"line":1155,"column":35}},"1155":{"start":{"line":1156,"column":0},"end":{"line":1156,"column":43}},"1156":{"start":{"line":1157,"column":0},"end":{"line":1157,"column":30}},"1157":{"start":{"line":1158,"column":0},"end":{"line":1158,"column":38}},"1158":{"start":{"line":1159,"column":0},"end":{"line":1159,"column":22}},"1159":{"start":{"line":1160,"column":0},"end":{"line":1160,"column":35}},"1160":{"start":{"line":1161,"column":0},"end":{"line":1161,"column":43}},"1161":{"start":{"line":1162,"column":0},"end":{"line":1162,"column":34}},"1162":{"start":{"line":1163,"column":0},"end":{"line":1163,"column":42}},"1163":{"start":{"line":1164,"column":0},"end":{"line":1164,"column":31}},"1164":{"start":{"line":1165,"column":0},"end":{"line":1165,"column":39}},"1165":{"start":{"line":1166,"column":0},"end":{"line":1166,"column":28}},"1166":{"start":{"line":1167,"column":0},"end":{"line":1167,"column":37}},"1167":{"start":{"line":1168,"column":0},"end":{"line":1168,"column":26}},"1168":{"start":{"line":1169,"column":0},"end":{"line":1169,"column":17}},"1169":{"start":{"line":1170,"column":0},"end":{"line":1170,"column":42}},"1170":{"start":{"line":1171,"column":0},"end":{"line":1171,"column":24}},"1171":{"start":{"line":1172,"column":0},"end":{"line":1172,"column":35}},"1172":{"start":{"line":1173,"column":0},"end":{"line":1173,"column":43}},"1173":{"start":{"line":1174,"column":0},"end":{"line":1174,"column":42}},"1174":{"start":{"line":1175,"column":0},"end":{"line":1175,"column":23}},"1175":{"start":{"line":1176,"column":0},"end":{"line":1176,"column":34}},"1176":{"start":{"line":1177,"column":0},"end":{"line":1177,"column":42}},"1177":{"start":{"line":1178,"column":0},"end":{"line":1178,"column":31}},"1178":{"start":{"line":1179,"column":0},"end":{"line":1179,"column":25}},"1179":{"start":{"line":1180,"column":0},"end":{"line":1180,"column":33}},"1180":{"start":{"line":1181,"column":0},"end":{"line":1181,"column":38}},"1181":{"start":{"line":1182,"column":0},"end":{"line":1182,"column":25}},"1182":{"start":{"line":1183,"column":0},"end":{"line":1183,"column":12}},"1183":{"start":{"line":1184,"column":0},"end":{"line":1184,"column":33}},"1184":{"start":{"line":1185,"column":0},"end":{"line":1185,"column":25}},"1185":{"start":{"line":1186,"column":0},"end":{"line":1186,"column":25}},"1186":{"start":{"line":1187,"column":0},"end":{"line":1187,"column":17}},"1187":{"start":{"line":1188,"column":0},"end":{"line":1188,"column":17}},"1188":{"start":{"line":1189,"column":0},"end":{"line":1189,"column":30}},"1189":{"start":{"line":1190,"column":0},"end":{"line":1190,"column":18}},"1190":{"start":{"line":1191,"column":0},"end":{"line":1191,"column":19}},"1191":{"start":{"line":1192,"column":0},"end":{"line":1192,"column":24}},"1192":{"start":{"line":1193,"column":0},"end":{"line":1193,"column":27}},"1193":{"start":{"line":1194,"column":0},"end":{"line":1194,"column":27}},"1194":{"start":{"line":1195,"column":0},"end":{"line":1195,"column":19}},"1195":{"start":{"line":1196,"column":0},"end":{"line":1196,"column":15}},"1196":{"start":{"line":1197,"column":0},"end":{"line":1197,"column":19}},"1197":{"start":{"line":1198,"column":0},"end":{"line":1198,"column":24}},"1198":{"start":{"line":1199,"column":0},"end":{"line":1199,"column":30}},"1199":{"start":{"line":1200,"column":0},"end":{"line":1200,"column":26}},"1200":{"start":{"line":1201,"column":0},"end":{"line":1201,"column":25}},"1201":{"start":{"line":1202,"column":0},"end":{"line":1202,"column":24}},"1202":{"start":{"line":1203,"column":0},"end":{"line":1203,"column":15}},"1203":{"start":{"line":1204,"column":0},"end":{"line":1204,"column":16}},"1204":{"start":{"line":1205,"column":0},"end":{"line":1205,"column":18}},"1205":{"start":{"line":1206,"column":0},"end":{"line":1206,"column":24}},"1206":{"start":{"line":1207,"column":0},"end":{"line":1207,"column":18}},"1207":{"start":{"line":1208,"column":0},"end":{"line":1208,"column":22}},"1208":{"start":{"line":1209,"column":0},"end":{"line":1209,"column":36}},"1209":{"start":{"line":1210,"column":0},"end":{"line":1210,"column":15}},"1210":{"start":{"line":1211,"column":0},"end":{"line":1211,"column":17}},"1211":{"start":{"line":1212,"column":0},"end":{"line":1212,"column":13}},"1212":{"start":{"line":1213,"column":0},"end":{"line":1213,"column":12}},"1213":{"start":{"line":1214,"column":0},"end":{"line":1214,"column":20}},"1214":{"start":{"line":1215,"column":0},"end":{"line":1215,"column":21}},"1215":{"start":{"line":1216,"column":0},"end":{"line":1216,"column":27}},"1216":{"start":{"line":1217,"column":0},"end":{"line":1217,"column":25}},"1217":{"start":{"line":1218,"column":0},"end":{"line":1218,"column":15}},"1218":{"start":{"line":1219,"column":0},"end":{"line":1219,"column":21}},"1219":{"start":{"line":1220,"column":0},"end":{"line":1220,"column":17}},"1220":{"start":{"line":1221,"column":0},"end":{"line":1221,"column":24}},"1221":{"start":{"line":1222,"column":0},"end":{"line":1222,"column":27}},"1222":{"start":{"line":1223,"column":0},"end":{"line":1223,"column":22}},"1223":{"start":{"line":1224,"column":0},"end":{"line":1224,"column":40}},"1224":{"start":{"line":1225,"column":0},"end":{"line":1225,"column":41}},"1225":{"start":{"line":1226,"column":0},"end":{"line":1226,"column":36}},"1226":{"start":{"line":1227,"column":0},"end":{"line":1227,"column":34}},"1227":{"start":{"line":1228,"column":0},"end":{"line":1228,"column":42}},"1228":{"start":{"line":1229,"column":0},"end":{"line":1229,"column":34}},"1229":{"start":{"line":1230,"column":0},"end":{"line":1230,"column":36}},"1230":{"start":{"line":1231,"column":0},"end":{"line":1231,"column":23}},"1231":{"start":{"line":1232,"column":0},"end":{"line":1232,"column":34}},"1232":{"start":{"line":1233,"column":0},"end":{"line":1233,"column":35}},"1233":{"start":{"line":1234,"column":0},"end":{"line":1234,"column":35}},"1234":{"start":{"line":1235,"column":0},"end":{"line":1235,"column":30}},"1235":{"start":{"line":1236,"column":0},"end":{"line":1236,"column":28}},"1236":{"start":{"line":1237,"column":0},"end":{"line":1237,"column":47}},"1237":{"start":{"line":123
[...]
line":1633,"column":10}},"1633":{"start":{"line":1634,"column":0},"end":{"line":1634,"column":6}},"1635":{"start":{"line":1636,"column":0},"end":{"line":1636,"column":28}}},"s":{"0":0,"1":0,"2":0,"3":0,"4":0,"5":0,"6":0,"7":0,"8":0,"9":0,"10":0,"11":0,"12":0,"13":0,"14":0,"16":0,"17":0,"19":0,"20":0,"21":0,"22":0,"23":0,"24":0,"25":0,"27":0,"29":0,"31":0,"32":0,"35":0,"36":0,"37":0,"38":0,"39":0,"41":0,"42":0,"43":0,"45":0,"46":0,"47":0,"48":0,"49":0,"50":0,"52":0,"53":0,"54":0,"55":0,"56":0,"57":0,"58":0,"59":0,"61":0,"62":0,"64":0,"65":0,"67":0,"68":0,"69":0,"70":0,"71":0,"72":0,"73":0,"75":0,"76":0,"77":0,"78":0,"80":0,"82":0,"83":0,"84":0,"85":0,"86":0,"87":0,"88":0,"89":0,"91":0,"92":0,"93":0,"94":0,"95":0,"96":0,"97":0,"98":0,"99":0,"100":0,"101":0,"103":0,"105":0,"106":0,"107":0,"108":0,"110":0,"111":0,"112":0,"113":0,"115":0,"116":0,"118":0,"120":0,"122":0,"123":0,"124":0,"125":0,"126":0,"127":0,"128":0,"129":0,"130":0,"131":0,"133":0,"135":0,"136":0,"137":0,"138":0,"139":0,"140":0,"141":0,"142":0,"143":0,"144":0,"145":0,"147":0,"148":0,"149":0,"150":0,"151":0,"152":0,"153":0,"154":0,"155":0,"156":0,"157":0,"158":0,"159":0,"160":0,"161":0,"162":0,"163":0,"164":0,"165":0,"166":0,"167":0,"168":0,"169":0,"170":0,"171":0,"172":0,"173":0,"174":0,"175":0,"176":0,"177":0,"178":0,"179":0,"181":0,"182":0,"184":0,"185":0,"186":0,"187":0,"188":0,"189":0,"190":0,"192":0,"194":0,"195":0,"197":0,"199":0,"201":0,"202":0,"204":0,"205":0,"206":0,"207":0,"208":0,"209":0,"210":0,"212":0,"214":0,"215":0,"216":0,"218":0,"220":0,"222":0,"223":0,"224":0,"226":0,"227":0,"228":0,"230":0,"231":0,"232":0,"233":0,"235":0,"236":0,"237":0,"238":0,"239":0,"240":0,"241":0,"242":0,"243":0,"244":0,"246":0,"247":0,"248":0,"249":0,"250":0,"251":0,"252":0,"253":0,"254":0,"256":0,"258":0,"259":0,"260":0,"261":0,"262":0,"263":0,"264":0,"265":0,"266":0,"267":0,"268":0,"269":0,"270":0,"271":0,"272":0,"273":0,"274":0,"275":0,"276":0,"277":0,"278":0,"279":0,"280":0,"282":0,"284":0,"285":0,"286":0,"287":0,"288":0,"290":0,"291":0,"292":0,"293":0,"294":0,"295":0,"296":0,"297":0,"298":0,"299":0,"300":0,"301":0,"302":0,"303":0,"304":0,"305":0,"306":0,"307":0,"308":0,"309":0,"311":0,"312":0,"313":0,"314":0,"315":0,"316":0,"317":0,"318":0,"319":0,"320":0,"321":0,"322":0,"323":0,"324":0,"325":0,"326":0,"327":0,"328":0,"329":0,"330":0,"331":0,"332":0,"334":0,"335":0,"336":0,"337":0,"338":0,"339":0,"340":0,"342":0,"343":0,"344":0,"345":0,"346":0,"347":0,"348":0,"350":0,"351":0,"352":0,"353":0,"354":0,"355":0,"357":0,"358":0,"359":0,"360":0,"362":0,"363":0,"364":0,"365":0,"366":0,"368":0,"369":0,"370":0,"371":0,"372":0,"373":0,"374":0,"375":0,"376":0,"377":0,"378":0,"379":0,"381":0,"382":0,"383":0,"384":0,"385":0,"386":0,"387":0,"388":0,"389":0,"390":0,"391":0,"392":0,"393":0,"394":0,"395":0,"396":0,"398":0,"399":0,"400":0,"401":0,"402":0,"404":0,"405":0,"407":0,"408":0,"409":0,"410":0,"411":0,"412":0,"413":0,"414":0,"415":0,"416":0,"417":0,"418":0,"419":0,"420":0,"421":0,"422":0,"423":0,"424":0,"426":0,"427":0,"428":0,"429":0,"431":0,"432":0,"433":0,"434":0,"435":0,"436":0,"437":0,"438":0,"439":0,"440":0,"441":0,"442":0,"443":0,"444":0,"446":0,"447":0,"448":0,"451":0,"452":0,"453":0,"454":0,"455":0,"456":0,"457":0,"458":0,"459":0,"460":0,"461":0,"462":0,"463":0,"465":0,"466":0,"467":0,"469":0,"470":0,"471":0,"472":0,"473":0,"474":0,"475":0,"476":0,"477":0,"478":0,"479":0,"480":0,"482":0,"483":0,"484":0,"486":0,"488":0,"490":0,"492":0,"493":0,"495":0,"496":0,"497":0,"498":0,"500":0,"501":0,"502":0,"504":0,"505":0,"506":0,"507":0,"508":0,"509":0,"510":0,"512":0,"513":0,"514":0,"515":0,"517":0,"518":0,"519":0,"520":0,"521":0,"522":0,"523":0,"524":0,"525":0,"526":0,"527":0,"529":0,"530":0,"531":0,"532":0,"533":0,"534":0,"535":0,"537":0,"538":0,"540":0,"542":0,"543":0,"544":0,"545":0,"546":0,"547":0,"548":0,"549":0,"550":0,"551":0,"552":0,"553":0,"554":0,"555":0,"556":0,"557":0,"558":0,"559":0,"560":0,"561":0,"562":0,"563":0,"564":0,"565":0,"566":0,"567":0,"568":0,"569":0,"571":0,"572":0,"574":0,"576":0,"577":0,"578":0,"579":0,"580":0,"581":0,"582":0,"583":0,"584":0,"585":0,"586":0,"587":0,"588":0,"589":0,"590":0,"591":0,"592":0,"593":0,"595":0,"596":0,"597":0,"599":0,"600":0,"601":0,"602":0,"604":0,"606":0,"607":0,"608":0,"609":0,"610":0,"611":0,"612":0,"613":0,"615":0,"616":0,"617":0,"618":0,"619":0,"620":0,"622":0,"623":0,"624":0,"625":0,"626":0,"628":0,"629":0,"630":0,"631":0,"632":0,"633":0,"634":0,"635":0,"636":0,"637":0,"638":0,"639":0,"640":0,"642":0,"643":0,"646":0,"647":0,"648":0,"649":0,"650":0,"651":0,"652":0,"653":0,"654":0,"655":0,"657":0,"659":0,"660":0,"661":0,"663":0,"664":0,"665":0,"666":0,"667":0,"668":0,"669":0,"670":0,"671":0,"673":0,"674":0,"675":0,"676":0,"677":0,"678":0,"679":0,"680":0,"681":0,"682":0,"683":0,"685":0,"686":0,"687":0,"689":0,"690":0,"691":0,"692":0,"693":0,"694":0,"695":0,"697":0,"698":0,"699":0,"700":0,"701":0,"702":0,"703":0,"705":0,"706":0,"707":0,"708":0,"709":0,"710":0,"711":0,"712":0,"713":0,"714":0,"715":0,"716":0,"717":0,"718":0,"719":0,"720":0,"721":0,"722":0,"723":0,"724":0,"725":0,"726":0,"727":0,"728":0,"729":0,"730":0,"732":0,"733":0,"734":0,"735":0,"736":0,"737":0,"738":0,"740":0,"741":0,"742":0,"743":0,"744":0,"745":0,"746":0,"747":0,"748":0,"750":0,"752":0,"753":0,"754":0,"755":0,"757":0,"758":0,"759":0,"760":0,"761":0,"763":0,"764":0,"765":0,"766":0,"767":0,"768":0,"769":0,"770":0,"771":0,"772":0,"773":0,"774":0,"775":0,"776":0,"778":0,"780":0,"781":0,"782":0,"783":0,"784":0,"785":0,"786":0,"787":0,"788":0,"789":0,"790":0,"791":0,"792":0,"793":0,"794":0,"795":0,"796":0,"797":0,"799":0,"800":0,"801":0,"802":0,"803":0,"805":0,"807":0,"810":0,"811":0,"812":0,"813":0,"814":0,"815":0,"816":0,"818":0,"819":0,"820":0,"821":0,"822":0,"823":0,"824":0,"825":0,"827":0,"828":0,"831":0,"832":0,"833":0,"834":0,"835":0,"836":0,"837":0,"838":0,"839":0,"840":0,"841":0,"842":0,"843":0,"844":0,"845":0,"846":0,"847":0,"848":0,"849":0,"851":0,"853":0,"854":0,"855":0,"856":0,"857":0,"858":0,"860":0,"861":0,"862":0,"863":0,"864":0,"865":0,"866":0,"867":0,"868":0,"869":0,"870":0,"871":0,"872":0,"873":0,"874":0,"875":0,"876":0,"877":0,"878":0,"879":0,"881":0,"883":0,"885":0,"886":0,"887":0,"888":0,"889":0,"890":0,"891":0,"892":0,"894":0,"895":0,"896":0,"897":0,"898":0,"899":0,"900":0,"901":0,"902":0,"903":0,"904":0,"905":0,"906":0,"907":0,"908":0,"909":0,"910":0,"911":0,"912":0,"913":0,"914":0,"915":0,"916":0,"917":0,"918":0,"919":0,"920":0,"922":0,"923":0,"924":0,"925":0,"926":0,"927":0,"928":0,"929":0,"930":0,"931":0,"932":0,"933":0,"934":0,"935":0,"936":0,"937":0,"938":0,"940":0,"941":0,"942":0,"943":0,"944":0,"945":0,"946":0,"947":0,"948":0,"949":0,"950":0,"951":0,"952":0,"953":0,"954":0,"955":0,"956":0,"957":0,"958":0,"959":0,"960":0,"961":0,"962":0,"963":0,"964":0,"965":0,"966":0,"967":0,"968":0,"969":0,"970":0,"971":0,"972":0,"973":0,"974":0,"975":0,"976":0,"977":0,"978":0,"979":0,"980":0,"981":0,"982":0,"983":0,"984":0,"985":0,"986":0,"987":0,"988":0,"989":0,"990":0,"991":0,"992":0,"993":0,"994":0,"995":0,"996":0,"997":0,"998":0,"999":0,"1000":0,"1001":0,"1002":0,"1003":0,"1004":0,"1005":0,"1006":0,"1007":0,"1008":0,"1009":0,"1010":0,"1011":0,"1012":0,"1013":0,"1014":0,"1015":0,"1016":0,"1017":0,"1018":0,"1019":0,"1020":0,"1022":0,"1023":0,"1024":0,"1026":0,"1028":0,"1029":0,"1030":0,"1031":0,"1032":0,"1034":0,"1035":0,"1037":0,"1039":0,"1041":0,"1042":0,"1044":0,"1045":0,"1046":0,"1047":0,"1048":0,"1049":0,"1050":0,"1051":0,"1052":0,"1053":0,"1054":0,"1055":0,"1056":0,"1057":0,"1058":0,"1060":0,"1062":0,"1063":0,"1064":0,"1065":0,"1066":0,"1067":0,"1068":0,"1069":0,"1070":0,"1071":0,"1072":0,"1073":0,"1074":0,"1075":0,"1076":0,"1077":0,"1078":0,"1079":0,"1080":0,"1081":0,"1082":0,"1083":0,"1084":0,"1085":0,"1086":0,"1087":0,"1088":0,"1089":0,"1090":0,"1091":0,"1092":0,"1093":0,"1094":0,"1095":0,"1096":0,"1097":0,"1098":0,"1099":0,"1100":0,"1101":0,"1102":0,"1103":0,"1104":0,"1105":0,"1106":0,"1107":0,"1108":0,"1109":0,"1110":0,"1111":0,"1112":0,"1113":0,"1114":0,"1115":0,"1116":0,"1117":0,"1118":0,"1119":0,"1120":0,"1121":0,"1122":0,"1123":0,"1124":0,"1125":0,"1126":0,"1127":0,"1128":0,"1129":0,"1130":0,"1131":0,"1132":0,"1133":0,"1134":0,"1135":0,"1136":0,"1137":0,"1138":0,"1139":0,"1140":0,"1141":0,"1142":0,"1143":0,"1144":0,"1145":0,"1146":0,"1147":0,"1148":0,"1149":0,"1150":0,"1151":0,"1152":0,"1153":0,"1154":0,"1155":0,"1156":0,"1157":0,"1158":0,"1159":0,"1160":0,"1161":0,"1162":0,"1163":0,"1164":0,"1165":0,"1166":0,"1167":0,"1168":0,"1169":0,"1170":0,"1171":0,"1172":0,"1173":0,"1174":0,"1175":0,"1176":0,"1177":0,"1178":0,"1179":0,"1180":0,"1181":0,"1182":0,"1183":0,"1184":0,"1185":0,"1186":0,"1187":0,"1188":0,"1189":0,"1190":0,"1191":0,"1192":0,"1193":0,"1194":0,"1195":0,"1196":0,"1197":0,"1198":0,"1199":0,"1200":0,"1201":0,"1202":0,"1203":0,"1204":0,"1205":0,"1206":0,"1207":0,"1208":0,"1209":0,"1210":0,"1211":0,"1212":0,"1213":0,"1214":0,"1215":0,"1216":0,"1217":0,"1218":0,"1219":0,"1220":0,"1221":0,"1222":0,"1223":0,"1224":0,"1225":0,"1226":0,"1227":0,"1228":0,"1229":0,"1230":0,"1231":0,"1232":0,"1233":0,"1234":0,"1235":0,"1236":0,"1237":0,"1238":0,"1239":0,"1240":0,"1241":0,"1242":0,"1243":0,"1244":0,"1245":0,"1246":0,"1247":0,"1248":0,"1249":0,"1250":0,"1251":0,"1253":0,"1254":0,"1255":0,"1256":0,"1257":0,"1258":0,"1259":0,"1260":0,"1261":0,"1262":0,"1263":0,"1264":0,"1265":0,"1266":0,"1267":0,"1268":0,"1269":0,"1270":0,"1271":0,"1272":0,"1273":0,"1274":0,"1275":0,"1276":0,"1277":0,"1278":0,"1279":0,"1280":0,"1281":0,"1282":0,"1283":0,"1284":0,"1285":0,"1286":0,"1287":0,"1288":0,"1289":0,"1290":0,"1291":0,"1292":0,"1293":0,"1294":0,"1295":0,"1296":0,"1297":0,"1298":0,"1299":0,"1300":0,"1301":0,"1302":0,"1303":0,"1304":0,"1305":0,"1306":0,"1307":0,"1308":0,"1309":0,"1310":0,"1311":0,"1312":0,"1313":0,"1314":0,"1315":0,"1316":0,"1317":0,"1318":0,"1319":0,"1320":0,"1321":0,"1322":0,"1323":0,"1324":0,"1325":0,"1326":0,"1327":0,"1328":0,"1329":0,"1330":0,"1331":0,"1332":0,"1333":0,"1334":0,"1335":0,"1336":0,"1337":0,"1338":0,"1339":0,"1340":0,"1341":0,"1342":0,"1343":0,"1344":0,"1345":0,"1346":0,"1347":0,"1348":0,"1349":0,"1350":0,"1351":0,"1352":0,"1353":0,"1354":0,"1355":0,"1356":0,"1357":0,"1358":0,"1359":0,"1360":0,"1361":0,"1362":0,"1363":0,"1364":0,"1365":0,"1366":0,"1367":0,"1368":0,"1369":0,"1370":0,"1371":0,"1372":0,"1373":0,"1374":0,"1375":0,"1376":0,"1377":0,"1378":0,"1379":0,"1380":0,"1381":0,"1382":0,"1383":0,"1384":0,"1385":0,"1386":0,"1387":0,"1388":0,"1389":0,"1390":0,"1391":0,"1392":0,"1393":0,"1394":0,"1395":0,"1396":0,"1397":0,"1398":0,"1399":0,"1400":0,"1401":0,"1402":0,"1403":0,"1404":0,"1405":0,"1406":0,"1407":0,"1408":0,"1409":0,"1410":0,"1411":0,"1412":0,"1413":0,"1414":0,"1415":0,"1416":0,"1417":0,"1418":0,"1419":0,"1420":0,"1421":0,"1422":0,"1423":0,"1424":0,"1425":0,"1426":0,"1427":0,"1428":0,"1429":0,"1430":0,"1431":0,"1432":0,"1433":0,"1434":0,"1435":0,"1436":0,"1437":0,"1438":0,"1439":0,"1440":0,"1441":0,"1442":0,"1443":0,"1444":0,"1445":0,"1446":0,"1447":0,"1448":0,"1449":0,"1450":0,"1451":0,"1452":0,"1453":0,"1454":0,"1455":0,"1456":0,"1457":0,"1458":0,"1459":0,"1460":0,"1461":0,"1462":0,"1463":0,"1464":0,"1465":0,"1466":0,"1467":0,"1468":0,"1469":0,"1470":0,"1472":0,"1473":0,"1474":0,"1476":0,"1478":0,"1479":0,"1480":0,"1481":0,"1482":0,"1483":0,"1484":0,"1485":0,"1486":0,"1487":0,"1488":0,"1489":0,"1490":0,"1491":0,"1492":0,"1493":0,"1494":0,"1495":0,"1498":0,"1499":0,"1501":0,"1503":0,"1504":0,"1505":0,"1507":0,"1509":0,"1511":0,"1512":0,"1513":0,"1514":0,"1515":0,"1516":0,"1517":0,"1518":0,"1520":0,"1522":0,"1524":0,"1525":0,"1526":0,"1527":0,"1528":0,"1529":0,"1530":0,"1532":0,"1533":0,"1534":0,"1535":0,"1536":0,"1537":0,"1538":0,"1539":0,"1541":0,"1543":0,"1544":0,"1545":0,"1546":0,"1548":0,"1550":0,"1552":0,"1553":0,"1554":0,"1555":0,"1556":0,"1558":0,"1559":0,"1560":0,"1561":0,"1562":0,"1563":0,"1565":0,"1567":0,"1569":0,"1571":0,"1572":0,"1574":0,"1575":0,"1577":0,"1578":0,"1580":0,"1581":0,"1582":0,"1583":0,"1584":0,"1585":0,"1586":0,"1587":0,"1588":0,"1589":0,"1590":0,"1591":0,"1593":0,"1594":0,"1595":0,"1596":0,"1597":0,"1598":0,"1599":0,"1600":0,"1601":0,"1602":0,"1603":0,"1604":0,"1605":0,"1606":0,"1607":0,"1608":0,"1609":0,"1610":0,"1611":0,"1612":0,"1613":0,"1614":0,"1615":0,"1616":0,"1617":0,"1618":0,"1619":0,"1620":0,"1622":0,"1623":0,"1624":0,"1625":0,"1626":0,"1627":0,"1628":0,"1629":0,"1630":0,"1632":0,"1633":0,"1635":0},"branchMap":{"0":{"type":"branch","line":1,"loc":{"start":{"line":1,"column":0},"end":{"line":1636,"column":-12}},"locations":[{"start":{"line":1,"column":0},"end":{"line":1636,"column":-12}}]}},"b":{"0":[0]},"fnMap":{"0":{"name":"(empty-report)","decl":{"start":{"line":1,"column":0},"end":{"line":1636,"column":-12}},"loc":{"start":{"line":1,"column":0},"end":{"line":1636,"column":-12}},"line":1}},"f":{"0":0}}
,"/Users/am/npm_packages/quantum-resistant-rustykey/build/CMakeFiles/kyber_crystals_wasm_engine.dir/compiler_depend.ts": {"path":"/Users/am/npm_packages/quantum-resistant-rustykey/build/CMakeFiles/kyber_crystals_wasm_engine.dir/compiler_depend.ts","all":true,"statementMap":{"0":{"start":{"line":1,"column":0},"end":{"line":1,"column":36}},"1":{"start":{"line":2,"column":0},"end":{"line":2,"column":95}}},"s":{"0":0,"1":0},"branchMap":{"0":{"type":"branch","line":1,"loc":{"start":{"line":1,"column":0},"end":{"line":2,"column":95}},"locations":[{"start":{"line":1,"column":0},"end":{"line":2,"column":95}}]}},"b":{"0":[0]},"fnMap":{"0":{"name":"(empty-report)","decl":{"start":{"line":1,"column":0},"end":{"line":2,"column":95}},"loc":{"start":{"line":1,"column":0},"end":{"line":2,"column":95}},"line":1}},"f":{"0":0}}
,"/Users/am/npm_packages/quantum-resistant-rustykey/install/kyber_crystals_wasm_engine.js": {"path":"/Users/am/npm_packages/quantum-resistant-rustykey/install/kyber_crystals_wasm_engine.js","all":true,"statementMap":{"0":{"start":{"line":1,"column":0},"end":{"line":1,"column":41}},"1":{"start":{"line":2,"column":0},"end":{"line":2,"column":2}},"2":{"start":{"line":3,"column":0},"end":{"line":3,"column":10}},"3":{"start":{"line":4,"column":0},"end":{"line":4,"column":32}},"4":{"start":{"line":5,"column":0},"end":{"line":5,"column":16}},"6":{"start":{"line":7,"column":0},"end":{"line":7,"column":49631}},"9":{"start":{"line":10,"column":0},"end":{"line":10,"column":19}},"10":{"start":{"line":11,"column":0},"end":{"line":11,"column":1}},"11":{"start":{"line":12,"column":0},"end":{"line":12,"column":2}},"12":{"start":{"line":13,"column":0},"end":{"line":13,"column":5}},"13":{"start":{"line":14,"column":0},"end":{"line":14,"column":42}}},"s":{"0":0,"1":0,"2":0,"3":0,"4":0,"6":0,"9":0,"10":0,"11":0,"12":0,"13":0},"branchMap":{"0":{"type":"branch","line":1,"loc":{"start":{"line":1,"column":49814},"end":{"line":14,"column":42}},"locations":[{"start":{"line":1,"column":49814},"end":{"line":14,"column":42}}]}},"b":{"0":[0]},"fnMap":{"0":{"name":"(empty-report)","decl":{"start":{"line":1,"column":49814},"end":{"line":14,"column":42}},"loc":{"start":{"line":1,"column":49814},"end":{"line":14,"column":42}},"line":1}},"f":{"0":0}}
,"/Users/am/npm_packages/quantum-resistant-rustykey/src/index.ts": {"path":"/Users/am/npm_packages/quantum-resistant-rustykey/src/index.ts","all":true,"statementMap":{"3":{"start":{"line":4,"column":0},"end":{"line":4,"column":52}},"18":{"start":{"line":19,"column":0},"end":{"line":19,"column":38}},"19":{"start":{"line":20,"column":0},"end":{"line":20,"column":56}},"21":{"start":{"line":22,"column":0},"end":{"line":22,"column":22}},"22":{"start":{"line":23,"column":0},"end":{"line":23,"column":35}},"23":{"start":{"line":24,"column":0},"end":{"line":24,"column":3}},"25":{"start":{"line":26,"column":0},"end":{"line":26,"column":43}},"26":{"start":{"line":27,"column":0},"end":{"line":27,"column":45}},"27":{"start":{"line":28,"column":0},"end":{"line":28,"column":3}},"29":{"start":{"line":30,"column":0},"end":{"line":30,"column":51}},"30":{"start":{"line":31,"column":0},"end":{"line":31,"column":58}},"31":{"start":{"line":32,"column":0},"end":{"line":32,"column":3}},"33":{"start":{"line":34,"column":0},"end":{"line":34,"column":41}},"34":{"start":{"line":35,"column":0},"end":{"line":35,"column":50}},"35":{"start":{"line":36,"column":0},"end":{"line":36,"column":3}},"37":{"start":{"line":38,"column":0},"end":{"line":38,"column":18}},"38":{"start":{"line":39,"column":0},"end":{"line":39,"column":27}},"39":{"start":{"line":40,"column":0},"end":{"line":40,"column":3}},"40":{"start":{"line":41,"column":0},"end":{"line":41,"column":1}},"46":{"start":{"line":47,"column":0},"end":{"line":47,"column":56}},"47":{"start":{"line":48,"column":0},"end":{"line":48,"column":29}},"49":{"start":{"line":50,"column":0},"end":{"line":50,"column":48}},"50":{"start":{"line":51,"column":0},"end":{"line":51,"column":1}},"52":{"start":{"line":53,"column":0},"end":{"line":53,"column":55}},"53":{"start":{"line":54,"column":0},"end":{"line":54,"column":29}},"55":{"start":{"line":56,"column":0},"end":{"line":56,"column":47}},"56":{"start":{"line":57,"column":0},"end":{"line":57,"column":1}},"58":{"start":{"line":59,"column":0},"end":{"line":59,"column":55}},"59":{"start":{"line":60,"column":0},"end":{"line":60,"column":29}},"61":{"start":{"line":62,"column":0},"end":{"line":62,"column":47}},"62":{"start":{"line":63,"column":0},"end":{"line":63,"column":1}}},"s":{"3":0,"18":0,"19":0,"21":0,"22":0,"23":0,"25":0,"26":0,"27":0,"29":0,"30":0,"31":0,"33":0,"34":0,"35":0,"37":0,"38":0,"39":0,"40":0,"46":0,"47":0,"49":0,"50":0,"52":0,"53":0,"55":0,"56":0,"58":0,"59":0,"61":0,"62":0},"branchMap":{"0":{"type":"branch","line":1,"loc":{"start":{"line":1,"column":1599},"end":{"line":63,"column":1}},"locations":[{"start":{"line":1,"column":1599},"end":{"line":63,"column":1}}]}},"b":{"0":[1]},"fnMap":{"0":{"name":"(empty-report)","decl":{"start":{"line":1,"column":1599},"end":{"line":63,"column":1}},"loc":{"start":{"line":1,"column":1599},"end":{"line":63,"column":1}},"line":1}},"f":{"0":1}}
,"/Users/am/npm_packages/quantum-resistant-rustykey/src/kyber_crystals_wasm_engine.js": {"path":"/Users/am/npm_packages/quantum-resistant-rustykey/src/kyber_crystals_wasm_engine.js","all":true,"statementMap":{"0":{"start":{"line":1,"column":0},"end":{"line":1,"column":41}},"1":{"start":{"line":2,"column":0},"end":{"line":2,"column":2}},"2":{"start":{"line":3,"column":0},"end":{"line":3,"column":10}},"3":{"start":{"line":4,"column":0},"end":{"line":4,"column":32}},"4":{"start":{"line":5,"column":0},"end":{"line":5,"column":16}},"6":{"start":{"line":7,"column":0},"end":{"line":7,"column":49631}},"9":{"start":{"line":10,"column":0},"end":{"line":10,"column":19}},"10":{"start":{"line":11,"column":0},"end":{"line":11,"column":1}},"11":{"start":{"line":12,"column":0},"end":{"line":12,"column":2}},"12":{"start":{"line":13,"column":0},"end":{"line":13,"column":5}},"13":{"start":{"line":14,"column":0},"end":{"line":14,"column":42}}},"s":{"0":0,"1":0,"2":0,"3":0,"4":0,"6":0,"9":0,"10":0,"11":0,"12":0,"13":0},"branchMap":{"0":{"type":"branch","line":1,"loc":{"start":{"line":1,"column":49814},"end":{"line":14,"column":42}},"locations":[{"start":{"line":1,"column":49814},"end":{"line":14,"column":42}}]}},"b":{"0":[0]},"fnMap":{"0":{"name":"(empty-report)","decl":{"start":{"line":1,"column":49814},"end":{"line":14,"column":42}},"loc":{"start":{"line":1,"column":49814},"end":{"line":14,"column":42}},"line":1}},"f":{"0":0}}
,"/Users/am/npm_packages/quantum-resistant-rustykey/src/types.ts": {"path":"/Users/am/npm_packages/quantum-resistant-rustykey/src/types.ts","all":true,"statementMap":{},"s":{},"branchMap":{"0":{"type":"branch","line":1,"loc":{"start":{"line":1,"column":410},"end":{"line":17,"column":51}},"locations":[{"start":{"line":1,"column":410},"end":{"line":17,"column":51}}]}},"b":{"0":[1]},"fnMap":{"0":{"name":"(empty-report)","decl":{"start":{"line":1,"column":410},"end":{"line":17,"column":51}},"loc":{"start":{"line":1,"column":410},"end":{"line":17,"column":51}},"line":1}},"f":{"0":1}}
}
